Base path: 'C:/Program Files/Unity/Hub/Editor/2019.2.18f1/Editor/Data', plugins path 'C:/Program Files/Unity/Hub/Editor/2019.2.18f1/Editor/Data/PlaybackEngines'
Cmd: initializeCompiler
Cmd: preprocess
  insize=811 outsize=209 ok=1
Cmd: preprocess
  insize=811 outsize=209 ok=1
Cmd: preprocess
  insize=811 outsize=209 ok=1
Cmd: preprocess
  insize=811 outsize=209 ok=1
Cmd: preprocess
  insize=811 outsize=209 ok=1
Cmd: preprocess
  insize=811 outsize=209 ok=1
Cmd: preprocess
  insize=811 outsize=209 ok=1
Cmd: preprocess
  insize=811 outsize=209 ok=1
Cmd: preprocess
  insize=811 outsize=209 ok=1
Cmd: preprocess
  insize=3949 outsize=484 ok=1
Cmd: preprocess
  insize=5332 outsize=478 ok=1
Cmd: preprocess
  insize=5625 outsize=471 ok=1
Cmd: preprocess
  insize=28174 outsize=1442 ok=1
Cmd: preprocess
  insize=5914 outsize=474 ok=1
Cmd: preprocess
  insize=6822 outsize=469 ok=1
Cmd: preprocess
  insize=5597 outsize=471 ok=1
Cmd: preprocess
  insize=5886 outsize=474 ok=1
Cmd: preprocess
  insize=6794 outsize=470 ok=1
Cmd: preprocess
  insize=28090 outsize=1442 ok=1
Cmd: preprocess
  insize=27040 outsize=1443 ok=1
Cmd: compileSnippet
  api=4 type=0 insize=9495 outsize=1230 kw=USE_SHAPE_LIGHT_TYPE_0 USE_SHAPE_LIGHT_TYPE_1 USE_SHAPE_LIGHT_TYPE_2 USE_SHAPE_LIGHT_TYPE_3 pd=UNITY_ENABLE_REFLECTION_BUFFERS UNITY_USE_DITHER_MASK_FOR_ALPHABLENDED_SHADOWS UNITY_PBS_USE_BRDF1 UNITY_SPECCUBE_BOX_PROJECTION UNITY_SPECCUBE_BLENDING UNITY_ENABLE_DETAIL_NORMALMAP SHADER_API_DESKTOP UNITY_COLORSPACE_GAMMA UNITY_LIGHT_PROBE_PROXY_VOLUME UNITY_LIGHTMAP_FULL_HDR ok=1
Cmd: compileSnippet
  api=4 type=1 insize=9495 outsize=4382 kw=USE_SHAPE_LIGHT_TYPE_0 USE_SHAPE_LIGHT_TYPE_1 USE_SHAPE_LIGHT_TYPE_2 USE_SHAPE_LIGHT_TYPE_3 pd=UNITY_ENABLE_REFLECTION_BUFFERS UNITY_USE_DITHER_MASK_FOR_ALPHABLENDED_SHADOWS UNITY_PBS_USE_BRDF1 UNITY_SPECCUBE_BOX_PROJECTION UNITY_SPECCUBE_BLENDING UNITY_ENABLE_DETAIL_NORMALMAP SHADER_API_DESKTOP UNITY_COLORSPACE_GAMMA UNITY_LIGHT_PROBE_PROXY_VOLUME UNITY_LIGHTMAP_FULL_HDR ok=1
Cmd: compileSnippet
  api=4 type=0 insize=8648 outsize=1418 kw= pd=UNITY_ENABLE_REFLECTION_BUFFERS UNITY_USE_DITHER_MASK_FOR_ALPHABLENDED_SHADOWS UNITY_PBS_USE_BRDF1 UNITY_SPECCUBE_BOX_PROJECTION UNITY_SPECCUBE_BLENDING UNITY_ENABLE_DETAIL_NORMALMAP SHADER_API_DESKTOP UNITY_COLORSPACE_GAMMA UNITY_LIGHT_PROBE_PROXY_VOLUME UNITY_LIGHTMAP_FULL_HDR ok=1
Cmd: compileSnippet
  api=4 type=1 insize=8648 outsize=666 kw= pd=UNITY_ENABLE_REFLECTION_BUFFERS UNITY_USE_DITHER_MASK_FOR_ALPHABLENDED_SHADOWS UNITY_PBS_USE_BRDF1 UNITY_SPECCUBE_BOX_PROJECTION UNITY_SPECCUBE_BLENDING UNITY_ENABLE_DETAIL_NORMALMAP SHADER_API_DESKTOP UNITY_COLORSPACE_GAMMA UNITY_LIGHT_PROBE_PROXY_VOLUME UNITY_LIGHTMAP_FULL_HDR ok=1
Cmd: compileSnippet
  api=4 type=0 insize=8462 outsize=1046 kw= pd=UNITY_ENABLE_REFLECTION_BUFFERS UNITY_USE_DITHER_MASK_FOR_ALPHABLENDED_SHADOWS UNITY_PBS_USE_BRDF1 UNITY_SPECCUBE_BOX_PROJECTION UNITY_SPECCUBE_BLENDING UNITY_ENABLE_DETAIL_NORMALMAP SHADER_API_DESKTOP UNITY_COLORSPACE_GAMMA UNITY_LIGHT_PROBE_PROXY_VOLUME UNITY_LIGHTMAP_FULL_HDR ok=1
Cmd: compileSnippet
  api=4 type=1 insize=8462 outsize=2850 kw= pd=UNITY_ENABLE_REFLECTION_BUFFERS UNITY_USE_DITHER_MASK_FOR_ALPHABLENDED_SHADOWS UNITY_PBS_USE_BRDF1 UNITY_SPECCUBE_BOX_PROJECTION UNITY_SPECCUBE_BLENDING UNITY_ENABLE_DETAIL_NORMALMAP SHADER_API_DESKTOP UNITY_COLORSPACE_GAMMA UNITY_LIGHT_PROBE_PROXY_VOLUME UNITY_LIGHTMAP_FULL_HDR ok=1
Cmd: compileSnippet
  api=4 type=0 insize=8462 outsize=1046 kw=ETC1_EXTERNAL_ALPHA pd=UNITY_ENABLE_REFLECTION_BUFFERS UNITY_USE_DITHER_MASK_FOR_ALPHABLENDED_SHADOWS UNITY_PBS_USE_BRDF1 UNITY_SPECCUBE_BOX_PROJECTION UNITY_SPECCUBE_BLENDING UNITY_ENABLE_DETAIL_NORMALMAP SHADER_API_DESKTOP UNITY_COLORSPACE_GAMMA UNITY_LIGHT_PROBE_PROXY_VOLUME UNITY_LIGHTMAP_FULL_HDR ok=1
Cmd: compileSnippet
  api=4 type=1 insize=8462 outsize=3002 kw=ETC1_EXTERNAL_ALPHA pd=UNITY_ENABLE_REFLECTION_BUFFERS UNITY_USE_DITHER_MASK_FOR_ALPHABLENDED_SHADOWS UNITY_PBS_USE_BRDF1 UNITY_SPECCUBE_BOX_PROJECTION UNITY_SPECCUBE_BLENDING UNITY_ENABLE_DETAIL_NORMALMAP SHADER_API_DESKTOP UNITY_COLORSPACE_GAMMA UNITY_LIGHT_PROBE_PROXY_VOLUME UNITY_LIGHTMAP_FULL_HDR ok=1
Cmd: compileSnippet
  api=4 type=0 insize=9495 outsize=1230 kw= pd=UNITY_ENABLE_REFLECTION_BUFFERS UNITY_USE_DITHER_MASK_FOR_ALPHABLENDED_SHADOWS UNITY_PBS_USE_BRDF1 UNITY_SPECCUBE_BOX_PROJECTION UNITY_SPECCUBE_BLENDING UNITY_ENABLE_DETAIL_NORMALMAP SHADER_API_DESKTOP UNITY_COLORSPACE_GAMMA UNITY_LIGHT_PROBE_PROXY_VOLUME UNITY_LIGHTMAP_FULL_HDR ok=1
Cmd: compileSnippet
  api=4 type=1 insize=9495 outsize=2874 kw= pd=UNITY_ENABLE_REFLECTION_BUFFERS UNITY_USE_DITHER_MASK_FOR_ALPHABLENDED_SHADOWS UNITY_PBS_USE_BRDF1 UNITY_SPECCUBE_BOX_PROJECTION UNITY_SPECCUBE_BLENDING UNITY_ENABLE_DETAIL_NORMALMAP SHADER_API_DESKTOP UNITY_COLORSPACE_GAMMA UNITY_LIGHT_PROBE_PROXY_VOLUME UNITY_LIGHTMAP_FULL_HDR ok=1
Cmd: preprocess
  insize=811 outsize=209 ok=1
Cmd: preprocess
  insize=811 outsize=209 ok=1
Cmd: preprocess
  insize=811 outsize=209 ok=1
Cmd: preprocess
  insize=811 outsize=209 ok=1
Cmd: preprocess
  insize=811 outsize=209 ok=1
Cmd: preprocess
  insize=811 outsize=209 ok=1
Cmd: preprocess
  insize=811 outsize=209 ok=1
Cmd: preprocess
  insize=811 outsize=209 ok=1
Cmd: preprocess
  insize=811 outsize=209 ok=1
Cmd: preprocess
  insize=3949 outsize=484 ok=1
Cmd: preprocess
  insize=5332 outsize=478 ok=1
Cmd: preprocess
  insize=5597 outsize=471 ok=1
Cmd: preprocess
  insize=28090 outsize=1442 ok=1
Cmd: preprocess
  insize=5886 outsize=474 ok=1
Cmd: preprocess
  insize=6794 outsize=470 ok=1
Cmd: preprocess
  insize=27040 outsize=1443 ok=1
Cmd: preprocess
  insize=811 outsize=209 ok=1
Cmd: preprocess
  insize=811 outsize=209 ok=1
Cmd: preprocess
  insize=811 outsize=209 ok=1
Cmd: preprocess
  insize=811 outsize=209 ok=1
Cmd: preprocess
  insize=811 outsize=209 ok=1
Cmd: preprocess
  insize=811 outsize=209 ok=1
Cmd: preprocess
  insize=811 outsize=209 ok=1
Cmd: preprocess
  insize=811 outsize=209 ok=1
Cmd: preprocess
  insize=811 outsize=209 ok=1
Cmd: preprocess
  insize=3949 outsize=484 ok=1
Cmd: preprocess
  insize=5332 outsize=478 ok=1
Cmd: preprocess
  insize=5597 outsize=471 ok=1
Cmd: preprocess
  insize=28090 outsize=1442 ok=1
Cmd: preprocess
  insize=5886 outsize=474 ok=1
Cmd: preprocess
  insize=6794 outsize=470 ok=1
Cmd: preprocess
  insize=5625 outsize=471 ok=1
Cmd: preprocess
  insize=5914 outsize=474 ok=1
Cmd: preprocess
  insize=6822 outsize=469 ok=1
Cmd: preprocess
  insize=28174 outsize=1442 ok=1
Cmd: preprocess
  insize=27289 outsize=1443 ok=1
Cmd: compileSnippet
  api=4 type=0 insize=9578 outsize=1230 kw=USE_SHAPE_LIGHT_TYPE_0 USE_SHAPE_LIGHT_TYPE_1 USE_SHAPE_LIGHT_TYPE_2 USE_SHAPE_LIGHT_TYPE_3 pd=UNITY_ENABLE_REFLECTION_BUFFERS UNITY_USE_DITHER_MASK_FOR_ALPHABLENDED_SHADOWS UNITY_PBS_USE_BRDF1 UNITY_SPECCUBE_BOX_PROJECTION UNITY_SPECCUBE_BLENDING UNITY_ENABLE_DETAIL_NORMALMAP SHADER_API_DESKTOP UNITY_COLORSPACE_GAMMA UNITY_LIGHT_PROBE_PROXY_VOLUME UNITY_LIGHTMAP_FULL_HDR ok=1
Cmd: compileSnippet
  api=4 type=1 insize=9578 outsize=4402 kw=USE_SHAPE_LIGHT_TYPE_0 USE_SHAPE_LIGHT_TYPE_1 USE_SHAPE_LIGHT_TYPE_2 USE_SHAPE_LIGHT_TYPE_3 pd=UNITY_ENABLE_REFLECTION_BUFFERS UNITY_USE_DITHER_MASK_FOR_ALPHABLENDED_SHADOWS UNITY_PBS_USE_BRDF1 UNITY_SPECCUBE_BOX_PROJECTION UNITY_SPECCUBE_BLENDING UNITY_ENABLE_DETAIL_NORMALMAP SHADER_API_DESKTOP UNITY_COLORSPACE_GAMMA UNITY_LIGHT_PROBE_PROXY_VOLUME UNITY_LIGHTMAP_FULL_HDR ok=1
Cmd: compileSnippet
  api=4 type=0 insize=8731 outsize=1418 kw= pd=UNITY_ENABLE_REFLECTION_BUFFERS UNITY_USE_DITHER_MASK_FOR_ALPHABLENDED_SHADOWS UNITY_PBS_USE_BRDF1 UNITY_SPECCUBE_BOX_PROJECTION UNITY_SPECCUBE_BLENDING UNITY_ENABLE_DETAIL_NORMALMAP SHADER_API_DESKTOP UNITY_COLORSPACE_GAMMA UNITY_LIGHT_PROBE_PROXY_VOLUME UNITY_LIGHTMAP_FULL_HDR ok=1
Cmd: compileSnippet
  api=4 type=1 insize=8731 outsize=666 kw= pd=UNITY_ENABLE_REFLECTION_BUFFERS UNITY_USE_DITHER_MASK_FOR_ALPHABLENDED_SHADOWS UNITY_PBS_USE_BRDF1 UNITY_SPECCUBE_BOX_PROJECTION UNITY_SPECCUBE_BLENDING UNITY_ENABLE_DETAIL_NORMALMAP SHADER_API_DESKTOP UNITY_COLORSPACE_GAMMA UNITY_LIGHT_PROBE_PROXY_VOLUME UNITY_LIGHTMAP_FULL_HDR ok=1
Cmd: compileSnippet
  api=4 type=0 insize=8545 outsize=1046 kw= pd=UNITY_ENABLE_REFLECTION_BUFFERS UNITY_USE_DITHER_MASK_FOR_ALPHABLENDED_SHADOWS UNITY_PBS_USE_BRDF1 UNITY_SPECCUBE_BOX_PROJECTION UNITY_SPECCUBE_BLENDING UNITY_ENABLE_DETAIL_NORMALMAP SHADER_API_DESKTOP UNITY_COLORSPACE_GAMMA UNITY_LIGHT_PROBE_PROXY_VOLUME UNITY_LIGHTMAP_FULL_HDR ok=1
Cmd: compileSnippet
  api=4 type=1 insize=8545 outsize=2870 kw= pd=UNITY_ENABLE_REFLECTION_BUFFERS UNITY_USE_DITHER_MASK_FOR_ALPHABLENDED_SHADOWS UNITY_PBS_USE_BRDF1 UNITY_SPECCUBE_BOX_PROJECTION UNITY_SPECCUBE_BLENDING UNITY_ENABLE_DETAIL_NORMALMAP SHADER_API_DESKTOP UNITY_COLORSPACE_GAMMA UNITY_LIGHT_PROBE_PROXY_VOLUME UNITY_LIGHTMAP_FULL_HDR ok=1
Cmd: compileSnippet
  api=4 type=0 insize=9578 outsize=1230 kw= pd=UNITY_ENABLE_REFLECTION_BUFFERS UNITY_USE_DITHER_MASK_FOR_ALPHABLENDED_SHADOWS UNITY_PBS_USE_BRDF1 UNITY_SPECCUBE_BOX_PROJECTION UNITY_SPECCUBE_BLENDING UNITY_ENABLE_DETAIL_NORMALMAP SHADER_API_DESKTOP UNITY_COLORSPACE_GAMMA UNITY_LIGHT_PROBE_PROXY_VOLUME UNITY_LIGHTMAP_FULL_HDR ok=1
Cmd: compileSnippet
  api=4 type=1 insize=9578 outsize=2894 kw= pd=UNITY_ENABLE_REFLECTION_BUFFERS UNITY_USE_DITHER_MASK_FOR_ALPHABLENDED_SHADOWS UNITY_PBS_USE_BRDF1 UNITY_SPECCUBE_BOX_PROJECTION UNITY_SPECCUBE_BLENDING UNITY_ENABLE_DETAIL_NORMALMAP SHADER_API_DESKTOP UNITY_COLORSPACE_GAMMA UNITY_LIGHT_PROBE_PROXY_VOLUME UNITY_LIGHTMAP_FULL_HDR ok=1
Cmd: preprocess
  insize=811 outsize=209 ok=1
Cmd: preprocess
  insize=811 outsize=209 ok=1
Cmd: preprocess
  insize=811 outsize=209 ok=1
Cmd: preprocess
  insize=811 outsize=209 ok=1
Cmd: preprocess
  insize=811 outsize=209 ok=1
Cmd: preprocess
  insize=811 outsize=209 ok=1
Cmd: preprocess
  insize=811 outsize=209 ok=1
Cmd: preprocess
  insize=811 outsize=209 ok=1
Cmd: preprocess
  insize=811 outsize=209 ok=1
Cmd: preprocess
  insize=3949 outsize=484 ok=1
Cmd: preprocess
  insize=5332 outsize=478 ok=1
Cmd: preprocess
  insize=5625 outsize=471 ok=1
Cmd: preprocess
  insize=28174 outsize=1442 ok=1
Cmd: preprocess
  insize=5914 outsize=474 ok=1
Cmd: preprocess
  insize=6822 outsize=469 ok=1
Cmd: preprocess
  insize=5597 outsize=471 ok=1
Cmd: preprocess
  insize=5886 outsize=474 ok=1
Cmd: preprocess
  insize=6794 outsize=470 ok=1
Cmd: preprocess
  insize=28090 outsize=1442 ok=1
Cmd: preprocess
  insize=5625 outsize=471 ok=1
Cmd: preprocess
  insize=5914 outsize=474 ok=1
Cmd: preprocess
  insize=6822 outsize=469 ok=1
Cmd: preprocess
  insize=28174 outsize=1442 ok=1
Cmd: preprocess
  insize=5597 outsize=471 ok=1
Cmd: preprocess
  insize=5886 outsize=474 ok=1
Cmd: preprocess
  insize=6794 outsize=470 ok=1
Cmd: preprocess
  insize=28090 outsize=1442 ok=1
Cmd: preprocess
  insize=3949 outsize=484 ok=1
Cmd: preprocess
  insize=6794 outsize=470 ok=1
Cmd: preprocess
  insize=28090 outsize=1442 ok=1
Cmd: preprocess
  insize=3949 outsize=484 ok=1
Cmd: preprocess
  insize=6794 outsize=470 ok=1
Cmd: preprocess
  insize=28090 outsize=1442 ok=1
Cmd: preprocess
  insize=811 outsize=209 ok=1
Cmd: preprocess
  insize=3288 outsize=469 ok=1
Cmd: preprocess
  insize=811 outsize=209 ok=1
Cmd: preprocess
  insize=3349 outsize=475 ok=1
Cmd: preprocess
  insize=811 outsize=209 ok=1
Cmd: preprocess
  insize=3263 outsize=472 ok=1
Cmd: preprocess
  insize=811 outsize=209 ok=1
Cmd: preprocess
  insize=811 outsize=209 ok=1
Cmd: preprocess
  insize=3328 outsize=473 ok=1
Cmd: preprocess
  insize=811 outsize=209 ok=1
Cmd: preprocess
  insize=3272 outsize=474 ok=1
Cmd: preprocess
  insize=3618 outsize=473 ok=1
Cmd: preprocess
  insize=3328 outsize=473 ok=1
Cmd: preprocess
  insize=3553 outsize=472 ok=1
Cmd: preprocess
  insize=3825 outsize=473 ok=1
Cmd: preprocess
  insize=4036 outsize=473 ok=1
Cmd: preprocess
  insize=3272 outsize=474 ok=1
Cmd: preprocess
  insize=3446 outsize=473 ok=1
Cmd: preprocess
  insize=4214 outsize=473 ok=1
Cmd: preprocess
  insize=3585 outsize=475 ok=1
Cmd: preprocess
  insize=3794 outsize=471 ok=1
Cmd: preprocess
  insize=4073 outsize=473 ok=1
Cmd: preprocess
  insize=4530 outsize=474 ok=1
Cmd: preprocess
  insize=811 outsize=209 ok=1
Cmd: preprocess
  insize=4100 outsize=473 ok=1
Cmd: preprocess
  insize=4557 outsize=474 ok=1
Cmd: preprocess
  insize=3608 outsize=474 ok=1
Cmd: preprocess
  insize=3817 outsize=472 ok=1
Cmd: preprocess
  insize=4073 outsize=473 ok=1
Cmd: preprocess
  insize=4530 outsize=473 ok=1
Cmd: preprocess
  insize=4743 outsize=485 ok=1
Cmd: preprocess
  insize=7482 outsize=470 ok=1
Cmd: preprocess
  insize=30512 outsize=1442 ok=1
Cmd: preprocess
  insize=4743 outsize=485 ok=1
Cmd: preprocess
  insize=7482 outsize=470 ok=1
Cmd: preprocess
  insize=30512 outsize=1442 ok=1
Cmd: preprocess
  insize=3950 outsize=485 ok=1
Cmd: preprocess
  insize=6133 outsize=479 ok=1
Cmd: preprocess
  insize=6398 outsize=472 ok=1
Cmd: preprocess
  insize=6581 outsize=475 ok=1
Cmd: preprocess
  insize=7489 outsize=471 ok=1
Cmd: preprocess
  insize=30533 outsize=1442 ok=1
Cmd: preprocess
  insize=811 outsize=209 ok=1
Cmd: preprocess
  insize=811 outsize=209 ok=1
Cmd: preprocess
  insize=811 outsize=209 ok=1
Cmd: preprocess
  insize=811 outsize=209 ok=1
Cmd: preprocess
  insize=811 outsize=209 ok=1
Cmd: preprocess
  insize=811 outsize=209 ok=1
Cmd: preprocess
  insize=811 outsize=209 ok=1
Cmd: preprocess
  insize=811 outsize=209 ok=1
Cmd: preprocess
  insize=811 outsize=209 ok=1
Cmd: preprocess
  insize=811 outsize=209 ok=1
Cmd: preprocess
  insize=811 outsize=209 ok=1
Cmd: preprocess
  insize=811 outsize=209 ok=1
Cmd: preprocess
  insize=811 outsize=209 ok=1
Cmd: preprocess
  insize=811 outsize=209 ok=1
Cmd: preprocess
  insize=811 outsize=209 ok=1
Cmd: preprocess
  insize=811 outsize=209 ok=1
Cmd: preprocess
  insize=3949 outsize=484 ok=1
Cmd: preprocess
  insize=6132 outsize=478 ok=1
Cmd: preprocess
  insize=6397 outsize=471 ok=1
Cmd: preprocess
  insize=30532 outsize=1441 ok=1
Cmd: preprocess
  insize=6580 outsize=474 ok=1
Cmd: preprocess
  insize=7488 outsize=470 ok=1
Cmd: preprocess
  insize=3287 outsize=468 ok=1
Cmd: preprocess
  insize=3607 outsize=473 ok=1
Cmd: preprocess
  insize=3816 outsize=471 ok=1
Cmd: preprocess
  insize=4072 outsize=472 ok=1
Cmd: preprocess
  insize=4529 outsize=472 ok=1
Cmd: preprocess
  insize=811 outsize=209 ok=1
Cmd: preprocess
  insize=811 outsize=209 ok=1
Cmd: preprocess
  insize=811 outsize=209 ok=1
Cmd: preprocess
  insize=811 outsize=209 ok=1
Cmd: preprocess
  insize=811 outsize=209 ok=1
Cmd: preprocess
  insize=811 outsize=209 ok=1
Cmd: preprocess
  insize=811 outsize=209 ok=1
Cmd: preprocess
  insize=811 outsize=209 ok=1
Cmd: preprocess
  insize=811 outsize=209 ok=1
Cmd: preprocess
  insize=811 outsize=209 ok=1
Cmd: preprocess
  insize=811 outsize=209 ok=1
Cmd: preprocess
  insize=811 outsize=209 ok=1
Cmd: preprocess
  insize=811 outsize=209 ok=1
Cmd: preprocess
  insize=811 outsize=209 ok=1
Cmd: preprocess
  insize=811 outsize=209 ok=1
Cmd: preprocess
  insize=811 outsize=209 ok=1
Cmd: preprocess
  insize=3949 outsize=484 ok=1
Cmd: preprocess
  insize=6132 outsize=478 ok=1
Cmd: preprocess
  insize=6397 outsize=471 ok=1
Cmd: preprocess
  insize=30532 outsize=1441 ok=1
Cmd: preprocess
  insize=6580 outsize=474 ok=1
Cmd: preprocess
  insize=7488 outsize=470 ok=1
Cmd: preprocess
  insize=3287 outsize=468 ok=1
Cmd: preprocess
  insize=3607 outsize=473 ok=1
Cmd: preprocess
  insize=3816 outsize=471 ok=1
Cmd: preprocess
  insize=4072 outsize=472 ok=1
Cmd: preprocess
  insize=4529 outsize=472 ok=1
Cmd: preprocess
  insize=811 outsize=209 ok=1
Cmd: preprocess
  insize=811 outsize=209 ok=1
Cmd: preprocess
  insize=811 outsize=209 ok=1
Cmd: preprocess
  insize=811 outsize=209 ok=1
Cmd: preprocess
  insize=811 outsize=209 ok=1
Cmd: preprocess
  insize=811 outsize=209 ok=1
Cmd: preprocess
  insize=811 outsize=209 ok=1
Cmd: preprocess
  insize=811 outsize=209 ok=1
Cmd: preprocess
  insize=811 outsize=209 ok=1
Cmd: preprocess
  insize=811 outsize=209 ok=1
Cmd: preprocess
  insize=811 outsize=209 ok=1
Cmd: preprocess
  insize=811 outsize=209 ok=1
Cmd: preprocess
  insize=811 outsize=209 ok=1
Cmd: preprocess
  insize=811 outsize=209 ok=1
Cmd: preprocess
  insize=811 outsize=209 ok=1
Cmd: preprocess
  insize=811 outsize=209 ok=1
Cmd: preprocess
  insize=3949 outsize=484 ok=1
Cmd: preprocess
  insize=6132 outsize=478 ok=1
Cmd: preprocess
  insize=6397 outsize=471 ok=1
Cmd: preprocess
  insize=30532 outsize=1441 ok=1
Cmd: preprocess
  insize=6580 outsize=474 ok=1
Cmd: preprocess
  insize=7488 outsize=470 ok=1
Cmd: preprocess
  insize=3287 outsize=468 ok=1
Cmd: preprocess
  insize=3607 outsize=473 ok=1
Cmd: preprocess
  insize=3816 outsize=471 ok=1
Cmd: preprocess
  insize=4072 outsize=472 ok=1
Cmd: preprocess
  insize=4529 outsize=472 ok=1
Cmd: preprocess
  insize=811 outsize=209 ok=1
Cmd: preprocess
  insize=811 outsize=209 ok=1
Cmd: preprocess
  insize=811 outsize=209 ok=1
Cmd: preprocess
  insize=811 outsize=209 ok=1
Cmd: preprocess
  insize=811 outsize=209 ok=1
Cmd: preprocess
  insize=811 outsize=209 ok=1
Cmd: preprocess
  insize=811 outsize=209 ok=1
Cmd: preprocess
  insize=811 outsize=209 ok=1
Cmd: preprocess
  insize=811 outsize=209 ok=1
Cmd: preprocess
  insize=811 outsize=209 ok=1
Cmd: preprocess
  insize=811 outsize=209 ok=1
Cmd: preprocess
  insize=811 outsize=209 ok=1
Cmd: preprocess
  insize=811 outsize=209 ok=1
Cmd: preprocess
  insize=811 outsize=209 ok=1
Cmd: preprocess
  insize=811 outsize=209 ok=1
Cmd: preprocess
  insize=811 outsize=209 ok=1
Cmd: preprocess
  insize=3949 outsize=484 ok=1
Cmd: preprocess
  insize=6132 outsize=478 ok=1
Cmd: preprocess
  insize=6397 outsize=471 ok=1
Cmd: preprocess
  insize=30532 outsize=1441 ok=1
Cmd: preprocess
  insize=6580 outsize=474 ok=1
Cmd: preprocess
  insize=7488 outsize=470 ok=1
Cmd: preprocess
  insize=3287 outsize=468 ok=1
Cmd: preprocess
  insize=3607 outsize=473 ok=1
Cmd: preprocess
  insize=3816 outsize=471 ok=1
Cmd: preprocess
  insize=4072 outsize=472 ok=1
Cmd: preprocess
  insize=4529 outsize=472 ok=1
Cmd: preprocess
  insize=811 outsize=209 ok=1
Cmd: preprocess
  insize=811 outsize=209 ok=1
Cmd: preprocess
  insize=811 outsize=209 ok=1
Cmd: preprocess
  insize=811 outsize=209 ok=1
Cmd: preprocess
  insize=811 outsize=209 ok=1
Cmd: preprocess
  insize=811 outsize=209 ok=1
Cmd: preprocess
  insize=811 outsize=209 ok=1
Cmd: preprocess
  insize=811 outsize=209 ok=1
Cmd: preprocess
  insize=811 outsize=209 ok=1
Cmd: preprocess
  insize=811 outsize=209 ok=1
Cmd: preprocess
  insize=811 outsize=209 ok=1
Cmd: preprocess
  insize=811 outsize=209 ok=1
Cmd: preprocess
  insize=811 outsize=209 ok=1
Cmd: preprocess
  insize=811 outsize=209 ok=1
Cmd: preprocess
  insize=811 outsize=209 ok=1
Cmd: preprocess
  insize=811 outsize=209 ok=1
Cmd: preprocess
  insize=3949 outsize=484 ok=1
Cmd: preprocess
  insize=6132 outsize=478 ok=1
Cmd: preprocess
  insize=6397 outsize=471 ok=1
Cmd: preprocess
  insize=30532 outsize=1441 ok=1
Cmd: preprocess
  insize=6580 outsize=474 ok=1
Cmd: preprocess
  insize=7488 outsize=470 ok=1
Cmd: preprocess
  insize=3287 outsize=468 ok=1
Cmd: preprocess
  insize=3607 outsize=473 ok=1
Cmd: preprocess
  insize=3816 outsize=471 ok=1
Cmd: preprocess
  insize=4072 outsize=472 ok=1
Cmd: preprocess
  insize=4529 outsize=472 ok=1
Cmd: preprocess
  insize=811 outsize=209 ok=1
Cmd: preprocess
  insize=811 outsize=209 ok=1
Cmd: preprocess
  insize=811 outsize=209 ok=1
Cmd: preprocess
  insize=811 outsize=209 ok=1
Cmd: preprocess
  insize=811 outsize=209 ok=1
Cmd: preprocess
  insize=811 outsize=209 ok=1
Cmd: preprocess
  insize=811 outsize=209 ok=1
Cmd: preprocess
  insize=811 outsize=209 ok=1
Cmd: preprocess
  insize=811 outsize=209 ok=1
Cmd: preprocess
  insize=811 outsize=209 ok=1
Cmd: preprocess
  insize=811 outsize=209 ok=1
Cmd: preprocess
  insize=811 outsize=209 ok=1
Cmd: preprocess
  insize=811 outsize=209 ok=1
Cmd: preprocess
  insize=811 outsize=209 ok=1
Cmd: preprocess
  insize=811 outsize=209 ok=1
Cmd: preprocess
  insize=811 outsize=209 ok=1
Cmd: preprocess
  insize=3949 outsize=484 ok=1
Cmd: preprocess
  insize=6132 outsize=478 ok=1
Cmd: preprocess
  insize=6397 outsize=471 ok=1
Cmd: preprocess
  insize=30532 outsize=1441 ok=1
Cmd: preprocess
  insize=6580 outsize=474 ok=1
Cmd: preprocess
  insize=7488 outsize=470 ok=1
Cmd: preprocess
  insize=3287 outsize=468 ok=1
Cmd: preprocess
  insize=3607 outsize=473 ok=1
Cmd: preprocess
  insize=3816 outsize=471 ok=1
Cmd: preprocess
  insize=4072 outsize=472 ok=1
Cmd: preprocess
  insize=4529 outsize=472 ok=1
Cmd: preprocess
  insize=811 outsize=209 ok=1
Cmd: preprocess
  insize=811 outsize=209 ok=1
Cmd: preprocess
  insize=811 outsize=209 ok=1
Cmd: preprocess
  insize=811 outsize=209 ok=1
Cmd: preprocess
  insize=811 outsize=209 ok=1
Cmd: preprocess
  insize=811 outsize=209 ok=1
Cmd: preprocess
  insize=811 outsize=209 ok=1
Cmd: preprocess
  insize=811 outsize=209 ok=1
Cmd: preprocess
  insize=811 outsize=209 ok=1
Cmd: preprocess
  insize=811 outsize=209 ok=1
Cmd: preprocess
  insize=811 outsize=209 ok=1
Cmd: preprocess
  insize=811 outsize=209 ok=1
Cmd: preprocess
  insize=811 outsize=209 ok=1
Cmd: preprocess
  insize=811 outsize=209 ok=1
Cmd: preprocess
  insize=811 outsize=209 ok=1
Cmd: preprocess
  insize=811 outsize=209 ok=1
Cmd: preprocess
  insize=3948 outsize=483 ok=1
Cmd: preprocess
  insize=6131 outsize=477 ok=1
Cmd: preprocess
  insize=6396 outsize=470 ok=1
Cmd: preprocess
  insize=30531 outsize=1440 ok=1
Cmd: preprocess
  insize=6579 outsize=473 ok=1
Cmd: preprocess
  insize=7487 outsize=469 ok=1
Cmd: preprocess
  insize=3286 outsize=467 ok=1
Cmd: preprocess
  insize=3606 outsize=472 ok=1
Cmd: preprocess
  insize=3815 outsize=470 ok=1
Cmd: preprocess
  insize=4071 outsize=471 ok=1
Cmd: preprocess
  insize=4528 outsize=471 ok=1
Cmd: preprocess
  insize=811 outsize=209 ok=1
Cmd: preprocess
  insize=811 outsize=209 ok=1
Cmd: preprocess
  insize=811 outsize=209 ok=1
Cmd: preprocess
  insize=811 outsize=209 ok=1
Cmd: preprocess
  insize=811 outsize=209 ok=1
Cmd: preprocess
  insize=811 outsize=209 ok=1
Cmd: preprocess
  insize=811 outsize=209 ok=1
Cmd: preprocess
  insize=811 outsize=209 ok=1
Cmd: preprocess
  insize=811 outsize=209 ok=1
Cmd: preprocess
  insize=811 outsize=209 ok=1
Cmd: preprocess
  insize=811 outsize=209 ok=1
Cmd: preprocess
  insize=811 outsize=209 ok=1
Cmd: preprocess
  insize=811 outsize=209 ok=1
Cmd: preprocess
  insize=811 outsize=209 ok=1
Cmd: preprocess
  insize=811 outsize=209 ok=1
Cmd: preprocess
  insize=811 outsize=209 ok=1
Cmd: preprocess
  insize=3948 outsize=483 ok=1
Cmd: preprocess
  insize=6131 outsize=477 ok=1
Cmd: preprocess
  insize=6396 outsize=470 ok=1
Cmd: preprocess
  insize=30531 outsize=1440 ok=1
Cmd: preprocess
  insize=6579 outsize=473 ok=1
Cmd: preprocess
  insize=7487 outsize=469 ok=1
Cmd: preprocess
  insize=3286 outsize=467 ok=1
Cmd: preprocess
  insize=3606 outsize=472 ok=1
Cmd: preprocess
  insize=3815 outsize=470 ok=1
Cmd: preprocess
  insize=4071 outsize=471 ok=1
Cmd: preprocess
  insize=4528 outsize=471 ok=1
Cmd: preprocess
  insize=811 outsize=209 ok=1
Cmd: preprocess
  insize=811 outsize=209 ok=1
Cmd: preprocess
  insize=811 outsize=209 ok=1
Cmd: preprocess
  insize=811 outsize=209 ok=1
Cmd: preprocess
  insize=811 outsize=209 ok=1
Cmd: preprocess
  insize=811 outsize=209 ok=1
Cmd: preprocess
  insize=811 outsize=209 ok=1
Cmd: preprocess
  insize=811 outsize=209 ok=1
Cmd: preprocess
  insize=811 outsize=209 ok=1
Cmd: preprocess
  insize=811 outsize=209 ok=1
Cmd: preprocess
  insize=811 outsize=209 ok=1
Cmd: preprocess
  insize=811 outsize=209 ok=1
Cmd: preprocess
  insize=811 outsize=209 ok=1
Cmd: preprocess
  insize=811 outsize=209 ok=1
Cmd: preprocess
  insize=811 outsize=209 ok=1
Cmd: preprocess
  insize=811 outsize=209 ok=1
Cmd: preprocess
  insize=3948 outsize=483 ok=1
Cmd: preprocess
  insize=6131 outsize=477 ok=1
Cmd: preprocess
  insize=6396 outsize=470 ok=1
Cmd: preprocess
  insize=30531 outsize=1440 ok=1
Cmd: preprocess
  insize=6579 outsize=473 ok=1
Cmd: preprocess
  insize=7487 outsize=469 ok=1
Cmd: preprocess
  insize=3286 outsize=467 ok=1
Cmd: preprocess
  insize=3606 outsize=472 ok=1
Cmd: preprocess
  insize=3815 outsize=470 ok=1
Cmd: preprocess
  insize=4071 outsize=471 ok=1
Cmd: preprocess
  insize=4528 outsize=471 ok=1
Cmd: preprocess
  insize=811 outsize=209 ok=1
Cmd: preprocess
  insize=811 outsize=209 ok=1
Cmd: preprocess
  insize=811 outsize=209 ok=1
Cmd: preprocess
  insize=811 outsize=209 ok=1
Cmd: preprocess
  insize=811 outsize=209 ok=1
Cmd: preprocess
  insize=811 outsize=209 ok=1
Cmd: preprocess
  insize=811 outsize=209 ok=1
Cmd: preprocess
  insize=811 outsize=209 ok=1
Cmd: preprocess
  insize=811 outsize=209 ok=1
Cmd: preprocess
  insize=811 outsize=209 ok=1
Cmd: preprocess
  insize=811 outsize=209 ok=1
Cmd: preprocess
  insize=811 outsize=209 ok=1
Cmd: preprocess
  insize=811 outsize=209 ok=1
Cmd: preprocess
  insize=811 outsize=209 ok=1
Cmd: preprocess
  insize=811 outsize=209 ok=1
Cmd: preprocess
  insize=811 outsize=209 ok=1
Cmd: preprocess
  insize=3949 outsize=484 ok=1
Cmd: preprocess
  insize=6132 outsize=478 ok=1
Cmd: preprocess
  insize=6397 outsize=471 ok=1
Cmd: preprocess
  insize=30532 outsize=1441 ok=1
Cmd: preprocess
  insize=6580 outsize=474 ok=1
Cmd: preprocess
  insize=7488 outsize=470 ok=1
Cmd: preprocess
  insize=3287 outsize=468 ok=1
Cmd: preprocess
  insize=3607 outsize=473 ok=1
Cmd: preprocess
  insize=3816 outsize=471 ok=1
Cmd: preprocess
  insize=4072 outsize=472 ok=1
Cmd: preprocess
  insize=4529 outsize=472 ok=1
Cmd: preprocess
  insize=811 outsize=209 ok=1
Cmd: preprocess
  insize=811 outsize=209 ok=1
Cmd: preprocess
  insize=811 outsize=209 ok=1
Cmd: preprocess
  insize=811 outsize=209 ok=1
Cmd: preprocess
  insize=811 outsize=209 ok=1
Cmd: preprocess
  insize=811 outsize=209 ok=1
Cmd: preprocess
  insize=811 outsize=209 ok=1
Cmd: preprocess
  insize=811 outsize=209 ok=1
Cmd: preprocess
  insize=811 outsize=209 ok=1
Cmd: preprocess
  insize=811 outsize=209 ok=1
Cmd: preprocess
  insize=811 outsize=209 ok=1
Cmd: preprocess
  insize=811 outsize=209 ok=1
Cmd: preprocess
  insize=811 outsize=209 ok=1
Cmd: preprocess
  insize=811 outsize=209 ok=1
Cmd: preprocess
  insize=811 outsize=209 ok=1
Cmd: preprocess
  insize=811 outsize=209 ok=1
Cmd: preprocess
  insize=3948 outsize=483 ok=1
Cmd: preprocess
  insize=6131 outsize=477 ok=1
Cmd: preprocess
  insize=6396 outsize=470 ok=1
Cmd: preprocess
  insize=30531 outsize=1440 ok=1
Cmd: preprocess
  insize=6579 outsize=473 ok=1
Cmd: preprocess
  insize=7487 outsize=469 ok=1
Cmd: preprocess
  insize=3286 outsize=467 ok=1
Cmd: preprocess
  insize=3606 outsize=472 ok=1
Cmd: preprocess
  insize=3815 outsize=470 ok=1
Cmd: preprocess
  insize=4071 outsize=471 ok=1
Cmd: preprocess
  insize=4528 outsize=471 ok=1
Cmd: preprocess
  insize=811 outsize=209 ok=1
Cmd: preprocess
  insize=811 outsize=209 ok=1
Cmd: preprocess
  insize=811 outsize=209 ok=1
Cmd: preprocess
  insize=811 outsize=209 ok=1
Cmd: preprocess
  insize=811 outsize=209 ok=1
Cmd: preprocess
  insize=811 outsize=209 ok=1
Cmd: preprocess
  insize=811 outsize=209 ok=1
Cmd: preprocess
  insize=811 outsize=209 ok=1
Cmd: preprocess
  insize=811 outsize=209 ok=1
Cmd: preprocess
  insize=811 outsize=209 ok=1
Cmd: preprocess
  insize=811 outsize=209 ok=1
Cmd: preprocess
  insize=811 outsize=209 ok=1
Cmd: preprocess
  insize=811 outsize=209 ok=1
Cmd: preprocess
  insize=811 outsize=209 ok=1
Cmd: preprocess
  insize=811 outsize=209 ok=1
Cmd: preprocess
  insize=811 outsize=209 ok=1
Cmd: preprocess
  insize=3949 outsize=484 ok=1
Cmd: preprocess
  insize=6132 outsize=478 ok=1
Cmd: preprocess
  insize=6397 outsize=471 ok=1
Cmd: preprocess
  insize=30532 outsize=1441 ok=1
Cmd: preprocess
  insize=6580 outsize=474 ok=1
Cmd: preprocess
  insize=7488 outsize=470 ok=1
Cmd: preprocess
  insize=3287 outsize=468 ok=1
Cmd: preprocess
  insize=3607 outsize=473 ok=1
Cmd: preprocess
  insize=3816 outsize=471 ok=1
Cmd: preprocess
  insize=4072 outsize=472 ok=1
Cmd: preprocess
  insize=4529 outsize=472 ok=1
Cmd: preprocess
  insize=811 outsize=209 ok=1
Cmd: preprocess
  insize=811 outsize=209 ok=1
Cmd: preprocess
  insize=811 outsize=209 ok=1
Cmd: preprocess
  insize=811 outsize=209 ok=1
Cmd: preprocess
  insize=811 outsize=209 ok=1
Cmd: preprocess
  insize=811 outsize=209 ok=1
Cmd: preprocess
  insize=811 outsize=209 ok=1
Cmd: preprocess
  insize=811 outsize=209 ok=1
Cmd: preprocess
  insize=811 outsize=209 ok=1
Cmd: preprocess
  insize=811 outsize=209 ok=1
Cmd: preprocess
  insize=811 outsize=209 ok=1
Cmd: preprocess
  insize=811 outsize=209 ok=1
Cmd: preprocess
  insize=811 outsize=209 ok=1
Cmd: preprocess
  insize=811 outsize=209 ok=1
Cmd: preprocess
  insize=811 outsize=209 ok=1
Cmd: preprocess
  insize=811 outsize=209 ok=1
Cmd: preprocess
  insize=3950 outsize=485 ok=1
Cmd: preprocess
  insize=6133 outsize=479 ok=1
Cmd: preprocess
  insize=6398 outsize=472 ok=1
Cmd: preprocess
  insize=30533 outsize=1442 ok=1
Cmd: preprocess
  insize=6581 outsize=475 ok=1
Cmd: preprocess
  insize=7489 outsize=471 ok=1
Cmd: preprocess
  insize=3288 outsize=469 ok=1
Cmd: preprocess
  insize=3608 outsize=474 ok=1
Cmd: preprocess
  insize=3817 outsize=472 ok=1
Cmd: preprocess
  insize=4073 outsize=473 ok=1
Cmd: preprocess
  insize=4530 outsize=473 ok=1
Cmd: preprocess
  insize=811 outsize=209 ok=1
Cmd: preprocess
  insize=811 outsize=209 ok=1
Cmd: preprocess
  insize=811 outsize=209 ok=1
Cmd: preprocess
  insize=811 outsize=209 ok=1
Cmd: preprocess
  insize=811 outsize=209 ok=1
Cmd: preprocess
  insize=811 outsize=209 ok=1
Cmd: preprocess
  insize=811 outsize=209 ok=1
Cmd: preprocess
  insize=811 outsize=209 ok=1
Cmd: preprocess
  insize=811 outsize=209 ok=1
Cmd: preprocess
  insize=811 outsize=209 ok=1
Cmd: preprocess
  insize=811 outsize=209 ok=1
Cmd: preprocess
  insize=811 outsize=209 ok=1
Cmd: preprocess
  insize=811 outsize=209 ok=1
Cmd: preprocess
  insize=811 outsize=209 ok=1
Cmd: preprocess
  insize=811 outsize=209 ok=1
Cmd: preprocess
  insize=811 outsize=209 ok=1
Cmd: preprocess
  insize=3949 outsize=484 ok=1
Cmd: preprocess
  insize=6132 outsize=478 ok=1
Cmd: preprocess
  insize=6397 outsize=471 ok=1
Cmd: preprocess
  insize=30532 outsize=1441 ok=1
Cmd: preprocess
  insize=6580 outsize=474 ok=1
Cmd: preprocess
  insize=7488 outsize=470 ok=1
Cmd: preprocess
  insize=3287 outsize=468 ok=1
Cmd: preprocess
  insize=3607 outsize=473 ok=1
Cmd: preprocess
  insize=3816 outsize=471 ok=1
Cmd: preprocess
  insize=4072 outsize=472 ok=1
Cmd: preprocess
  insize=4529 outsize=472 ok=1
Cmd: preprocess
  insize=811 outsize=209 ok=1
Cmd: preprocess
  insize=811 outsize=209 ok=1
Cmd: preprocess
  insize=811 outsize=209 ok=1
Cmd: preprocess
  insize=811 outsize=209 ok=1
Cmd: preprocess
  insize=811 outsize=209 ok=1
Cmd: preprocess
  insize=811 outsize=209 ok=1
Cmd: preprocess
  insize=811 outsize=209 ok=1
Cmd: preprocess
  insize=811 outsize=209 ok=1
Cmd: preprocess
  insize=811 outsize=209 ok=1
Cmd: preprocess
  insize=811 outsize=209 ok=1
Cmd: preprocess
  insize=811 outsize=209 ok=1
Cmd: preprocess
  insize=811 outsize=209 ok=1
Cmd: preprocess
  insize=811 outsize=209 ok=1
Cmd: preprocess
  insize=811 outsize=209 ok=1
Cmd: preprocess
  insize=811 outsize=209 ok=1
Cmd: preprocess
  insize=811 outsize=209 ok=1
Cmd: preprocess
  insize=3948 outsize=483 ok=1
Cmd: preprocess
  insize=6131 outsize=477 ok=1
Cmd: preprocess
  insize=6396 outsize=470 ok=1
Cmd: preprocess
  insize=30531 outsize=1440 ok=1
Cmd: preprocess
  insize=6579 outsize=473 ok=1
Cmd: preprocess
  insize=7487 outsize=469 ok=1
Cmd: preprocess
  insize=3286 outsize=467 ok=1
Cmd: preprocess
  insize=3606 outsize=472 ok=1
Cmd: preprocess
  insize=3815 outsize=470 ok=1
Cmd: preprocess
  insize=4071 outsize=471 ok=1
Cmd: preprocess
  insize=4528 outsize=471 ok=1
Cmd: preprocess
  insize=811 outsize=209 ok=1
Cmd: preprocess
  insize=811 outsize=209 ok=1
Cmd: preprocess
  insize=811 outsize=209 ok=1
Cmd: preprocess
  insize=811 outsize=209 ok=1
Cmd: preprocess
  insize=811 outsize=209 ok=1
Cmd: preprocess
  insize=811 outsize=209 ok=1
Cmd: preprocess
  insize=811 outsize=209 ok=1
Cmd: preprocess
  insize=811 outsize=209 ok=1
Cmd: preprocess
  insize=811 outsize=209 ok=1
Cmd: preprocess
  insize=811 outsize=209 ok=1
Cmd: preprocess
  insize=811 outsize=209 ok=1
Cmd: preprocess
  insize=811 outsize=209 ok=1
Cmd: preprocess
  insize=811 outsize=209 ok=1
Cmd: preprocess
  insize=811 outsize=209 ok=1
Cmd: preprocess
  insize=811 outsize=209 ok=1
Cmd: preprocess
  insize=811 outsize=209 ok=1
Cmd: preprocess
  insize=3949 outsize=484 ok=1
Cmd: preprocess
  insize=6132 outsize=478 ok=1
Cmd: preprocess
  insize=6397 outsize=471 ok=1
Cmd: preprocess
  insize=30532 outsize=1441 ok=1
Cmd: preprocess
  insize=6580 outsize=474 ok=1
Cmd: preprocess
  insize=7488 outsize=470 ok=1
Cmd: preprocess
  insize=3287 outsize=468 ok=1
Cmd: preprocess
  insize=3607 outsize=473 ok=1
Cmd: preprocess
  insize=3816 outsize=471 ok=1
Cmd: preprocess
  insize=4072 outsize=472 ok=1
Cmd: preprocess
  insize=4529 outsize=472 ok=1
Cmd: preprocess
  insize=811 outsize=209 ok=1
Cmd: preprocess
  insize=811 outsize=209 ok=1
Cmd: preprocess
  insize=811 outsize=209 ok=1
Cmd: preprocess
  insize=811 outsize=209 ok=1
Cmd: preprocess
  insize=811 outsize=209 ok=1
Cmd: preprocess
  insize=811 outsize=209 ok=1
Cmd: preprocess
  insize=811 outsize=209 ok=1
Cmd: preprocess
  insize=811 outsize=209 ok=1
Cmd: preprocess
  insize=811 outsize=209 ok=1
Cmd: preprocess
  insize=811 outsize=209 ok=1
Cmd: preprocess
  insize=811 outsize=209 ok=1
Cmd: preprocess
  insize=811 outsize=209 ok=1
Cmd: preprocess
  insize=811 outsize=209 ok=1
Cmd: preprocess
  insize=811 outsize=209 ok=1
Cmd: preprocess
  insize=811 outsize=209 ok=1
Cmd: preprocess
  insize=811 outsize=209 ok=1
Cmd: preprocess
  insize=3948 outsize=483 ok=1
Cmd: preprocess
  insize=6131 outsize=477 ok=1
Cmd: preprocess
  insize=6396 outsize=470 ok=1
Cmd: preprocess
  insize=30531 outsize=1440 ok=1
Cmd: preprocess
  insize=6579 outsize=473 ok=1
Cmd: preprocess
  insize=7487 outsize=469 ok=1
Cmd: preprocess
  insize=3286 outsize=467 ok=1
Cmd: preprocess
  insize=3606 outsize=472 ok=1
Cmd: preprocess
  insize=3815 outsize=470 ok=1
Cmd: preprocess
  insize=4071 outsize=471 ok=1
Cmd: preprocess
  insize=4528 outsize=471 ok=1
Cmd: preprocess
  insize=811 outsize=209 ok=1
Cmd: preprocess
  insize=811 outsize=209 ok=1
Cmd: preprocess
  insize=811 outsize=209 ok=1
Cmd: preprocess
  insize=811 outsize=209 ok=1
Cmd: preprocess
  insize=811 outsize=209 ok=1
Cmd: preprocess
  insize=811 outsize=209 ok=1
Cmd: preprocess
  insize=811 outsize=209 ok=1
Cmd: preprocess
  insize=811 outsize=209 ok=1
Cmd: preprocess
  insize=811 outsize=209 ok=1
Cmd: preprocess
  insize=811 outsize=209 ok=1
Cmd: preprocess
  insize=811 outsize=209 ok=1
Cmd: preprocess
  insize=811 outsize=209 ok=1
Cmd: preprocess
  insize=811 outsize=209 ok=1
Cmd: preprocess
  insize=811 outsize=209 ok=1
Cmd: preprocess
  insize=811 outsize=209 ok=1
Cmd: preprocess
  insize=811 outsize=209 ok=1
Cmd: preprocess
  insize=3948 outsize=483 ok=1
Cmd: preprocess
  insize=6131 outsize=477 ok=1
Cmd: preprocess
  insize=6396 outsize=470 ok=1
Cmd: preprocess
  insize=30531 outsize=1440 ok=1
Cmd: preprocess
  insize=6579 outsize=473 ok=1
Cmd: preprocess
  insize=7487 outsize=469 ok=1
Cmd: preprocess
  insize=3286 outsize=467 ok=1
Cmd: preprocess
  insize=3606 outsize=472 ok=1
Cmd: preprocess
  insize=3815 outsize=470 ok=1
Cmd: preprocess
  insize=4071 outsize=471 ok=1
Cmd: preprocess
  insize=4528 outsize=471 ok=1
Cmd: preprocess
  insize=811 outsize=209 ok=1
Cmd: preprocess
  insize=811 outsize=209 ok=1
Cmd: preprocess
  insize=811 outsize=209 ok=1
Cmd: preprocess
  insize=811 outsize=209 ok=1
Cmd: preprocess
  insize=811 outsize=209 ok=1
Cmd: preprocess
  insize=811 outsize=209 ok=1
Cmd: preprocess
  insize=811 outsize=209 ok=1
Cmd: preprocess
  insize=811 outsize=209 ok=1
Cmd: preprocess
  insize=811 outsize=209 ok=1
Cmd: preprocess
  insize=811 outsize=209 ok=1
Cmd: preprocess
  insize=811 outsize=209 ok=1
Cmd: preprocess
  insize=811 outsize=209 ok=1
Cmd: preprocess
  insize=811 outsize=209 ok=1
Cmd: preprocess
  insize=811 outsize=209 ok=1
Cmd: preprocess
  insize=811 outsize=209 ok=1
Cmd: preprocess
  insize=811 outsize=209 ok=1
Cmd: preprocess
  insize=3949 outsize=484 ok=1
Cmd: preprocess
  insize=6132 outsize=478 ok=1
Cmd: preprocess
  insize=6397 outsize=471 ok=1
Cmd: preprocess
  insize=30532 outsize=1441 ok=1
Cmd: preprocess
  insize=6580 outsize=474 ok=1
Cmd: preprocess
  insize=7488 outsize=470 ok=1
Cmd: preprocess
  insize=3287 outsize=468 ok=1
Cmd: preprocess
  insize=3607 outsize=473 ok=1
Cmd: preprocess
  insize=3816 outsize=471 ok=1
Cmd: preprocess
  insize=4072 outsize=472 ok=1
Cmd: preprocess
  insize=4529 outsize=472 ok=1
Cmd: preprocess
  insize=811 outsize=209 ok=1
Cmd: preprocess
  insize=811 outsize=209 ok=1
Cmd: preprocess
  insize=811 outsize=209 ok=1
Cmd: preprocess
  insize=811 outsize=209 ok=1
Cmd: preprocess
  insize=811 outsize=209 ok=1
Cmd: preprocess
  insize=811 outsize=209 ok=1
Cmd: preprocess
  insize=811 outsize=209 ok=1
Cmd: preprocess
  insize=811 outsize=209 ok=1
Cmd: preprocess
  insize=811 outsize=209 ok=1
Cmd: preprocess
  insize=811 outsize=209 ok=1
Cmd: preprocess
  insize=811 outsize=209 ok=1
Cmd: preprocess
  insize=811 outsize=209 ok=1
Cmd: preprocess
  insize=811 outsize=209 ok=1
Cmd: preprocess
  insize=811 outsize=209 ok=1
Cmd: preprocess
  insize=811 outsize=209 ok=1
Cmd: preprocess
  insize=811 outsize=209 ok=1
Cmd: preprocess
  insize=3950 outsize=485 ok=1
Cmd: preprocess
  insize=6133 outsize=479 ok=1
Cmd: preprocess
  insize=6398 outsize=472 ok=1
Cmd: preprocess
  insize=30533 outsize=1442 ok=1
Cmd: preprocess
  insize=6581 outsize=475 ok=1
Cmd: preprocess
  insize=7489 outsize=471 ok=1
Cmd: preprocess
  insize=3288 outsize=469 ok=1
Cmd: preprocess
  insize=3608 outsize=474 ok=1
Cmd: preprocess
  insize=3817 outsize=472 ok=1
Cmd: preprocess
  insize=4073 outsize=473 ok=1
Cmd: preprocess
  insize=4530 outsize=473 ok=1
Cmd: preprocess
  insize=3272 outsize=474 ok=1
Cmd: preprocess
  insize=811 outsize=209 ok=1
Cmd: preprocess
  insize=811 outsize=209 ok=1
Cmd: preprocess
  insize=811 outsize=209 ok=1
Cmd: preprocess
  insize=811 outsize=209 ok=1
Cmd: preprocess
  insize=811 outsize=209 ok=1
Cmd: preprocess
  insize=811 outsize=209 ok=1
Cmd: preprocess
  insize=811 outsize=209 ok=1
Cmd: preprocess
  insize=811 outsize=209 ok=1
Cmd: preprocess
  insize=811 outsize=209 ok=1
Cmd: preprocess
  insize=811 outsize=209 ok=1
Cmd: preprocess
  insize=811 outsize=209 ok=1
Cmd: preprocess
  insize=811 outsize=209 ok=1
Cmd: preprocess
  insize=811 outsize=209 ok=1
Cmd: preprocess
  insize=811 outsize=209 ok=1
Cmd: preprocess
  insize=4073 outsize=473 ok=1
Cmd: preprocess
  insize=3817 outsize=472 ok=1
Cmd: preprocess
  insize=3608 outsize=474 ok=1
Cmd: preprocess
  insize=3288 outsize=469 ok=1
Cmd: preprocess
  insize=7489 outsize=471 ok=1
Cmd: preprocess
  insize=6581 outsize=475 ok=1
Cmd: preprocess
  insize=30533 outsize=1442 ok=1
Cmd: preprocess
  insize=6398 outsize=472 ok=1
Cmd: preprocess
  insize=6133 outsize=479 ok=1
Cmd: preprocess
  insize=3950 outsize=485 ok=1
Cmd: preprocess
  insize=29627 outsize=1443 ok=1
Cmd: compileSnippet
  api=4 type=0 insize=10357 outsize=1230 kw=USE_SHAPE_LIGHT_TYPE_0 USE_SHAPE_LIGHT_TYPE_1 USE_SHAPE_LIGHT_TYPE_2 USE_SHAPE_LIGHT_TYPE_3 pd=UNITY_ENABLE_REFLECTION_BUFFERS UNITY_USE_DITHER_MASK_FOR_ALPHABLENDED_SHADOWS UNITY_PBS_USE_BRDF1 UNITY_SPECCUBE_BOX_PROJECTION UNITY_SPECCUBE_BLENDING UNITY_ENABLE_DETAIL_NORMALMAP SHADER_API_DESKTOP UNITY_COLORSPACE_GAMMA UNITY_LIGHT_PROBE_PROXY_VOLUME UNITY_LIGHTMAP_FULL_HDR ok=1
Cmd: compileSnippet
  api=4 type=1 insize=10357 outsize=4442 kw=USE_SHAPE_LIGHT_TYPE_0 USE_SHAPE_LIGHT_TYPE_1 USE_SHAPE_LIGHT_TYPE_2 USE_SHAPE_LIGHT_TYPE_3 pd=UNITY_ENABLE_REFLECTION_BUFFERS UNITY_USE_DITHER_MASK_FOR_ALPHABLENDED_SHADOWS UNITY_PBS_USE_BRDF1 UNITY_SPECCUBE_BOX_PROJECTION UNITY_SPECCUBE_BLENDING UNITY_ENABLE_DETAIL_NORMALMAP SHADER_API_DESKTOP UNITY_COLORSPACE_GAMMA UNITY_LIGHT_PROBE_PROXY_VOLUME UNITY_LIGHTMAP_FULL_HDR ok=1
Cmd: compileSnippet
  api=4 type=0 insize=9510 outsize=1418 kw= pd=UNITY_ENABLE_REFLECTION_BUFFERS UNITY_USE_DITHER_MASK_FOR_ALPHABLENDED_SHADOWS UNITY_PBS_USE_BRDF1 UNITY_SPECCUBE_BOX_PROJECTION UNITY_SPECCUBE_BLENDING UNITY_ENABLE_DETAIL_NORMALMAP SHADER_API_DESKTOP UNITY_COLORSPACE_GAMMA UNITY_LIGHT_PROBE_PROXY_VOLUME UNITY_LIGHTMAP_FULL_HDR ok=1
Cmd: compileSnippet
  api=4 type=1 insize=9510 outsize=666 kw= pd=UNITY_ENABLE_REFLECTION_BUFFERS UNITY_USE_DITHER_MASK_FOR_ALPHABLENDED_SHADOWS UNITY_PBS_USE_BRDF1 UNITY_SPECCUBE_BOX_PROJECTION UNITY_SPECCUBE_BLENDING UNITY_ENABLE_DETAIL_NORMALMAP SHADER_API_DESKTOP UNITY_COLORSPACE_GAMMA UNITY_LIGHT_PROBE_PROXY_VOLUME UNITY_LIGHTMAP_FULL_HDR ok=1
Cmd: compileSnippet
  api=4 type=0 insize=9324 outsize=1046 kw= pd=UNITY_ENABLE_REFLECTION_BUFFERS UNITY_USE_DITHER_MASK_FOR_ALPHABLENDED_SHADOWS UNITY_PBS_USE_BRDF1 UNITY_SPECCUBE_BOX_PROJECTION UNITY_SPECCUBE_BLENDING UNITY_ENABLE_DETAIL_NORMALMAP SHADER_API_DESKTOP UNITY_COLORSPACE_GAMMA UNITY_LIGHT_PROBE_PROXY_VOLUME UNITY_LIGHTMAP_FULL_HDR ok=1
Cmd: compileSnippet
  api=4 type=1 insize=9324 outsize=2910 kw= pd=UNITY_ENABLE_REFLECTION_BUFFERS UNITY_USE_DITHER_MASK_FOR_ALPHABLENDED_SHADOWS UNITY_PBS_USE_BRDF1 UNITY_SPECCUBE_BOX_PROJECTION UNITY_SPECCUBE_BLENDING UNITY_ENABLE_DETAIL_NORMALMAP SHADER_API_DESKTOP UNITY_COLORSPACE_GAMMA UNITY_LIGHT_PROBE_PROXY_VOLUME UNITY_LIGHTMAP_FULL_HDR ok=1
Cmd: compileSnippet
  api=4 type=0 insize=10357 outsize=1230 kw= pd=UNITY_ENABLE_REFLECTION_BUFFERS UNITY_USE_DITHER_MASK_FOR_ALPHABLENDED_SHADOWS UNITY_PBS_USE_BRDF1 UNITY_SPECCUBE_BOX_PROJECTION UNITY_SPECCUBE_BLENDING UNITY_ENABLE_DETAIL_NORMALMAP SHADER_API_DESKTOP UNITY_COLORSPACE_GAMMA UNITY_LIGHT_PROBE_PROXY_VOLUME UNITY_LIGHTMAP_FULL_HDR ok=1
Cmd: compileSnippet
  api=4 type=1 insize=10357 outsize=2934 kw= pd=UNITY_ENABLE_REFLECTION_BUFFERS UNITY_USE_DITHER_MASK_FOR_ALPHABLENDED_SHADOWS UNITY_PBS_USE_BRDF1 UNITY_SPECCUBE_BOX_PROJECTION UNITY_SPECCUBE_BLENDING UNITY_ENABLE_DETAIL_NORMALMAP SHADER_API_DESKTOP UNITY_COLORSPACE_GAMMA UNITY_LIGHT_PROBE_PROXY_VOLUME UNITY_LIGHTMAP_FULL_HDR ok=1
Cmd: preprocess
  insize=811 outsize=209 ok=1
Cmd: preprocess
  insize=811 outsize=209 ok=1
Cmd: preprocess
  insize=811 outsize=209 ok=1
Cmd: preprocess
  insize=811 outsize=209 ok=1
Cmd: preprocess
  insize=811 outsize=209 ok=1
Cmd: preprocess
  insize=811 outsize=209 ok=1
Cmd: preprocess
  insize=811 outsize=209 ok=1
Cmd: preprocess
  insize=811 outsize=209 ok=1
Cmd: preprocess
  insize=811 outsize=209 ok=1
Cmd: preprocess
  insize=811 outsize=209 ok=1
Cmd: preprocess
  insize=811 outsize=209 ok=1
Cmd: preprocess
  insize=811 outsize=209 ok=1
Cmd: preprocess
  insize=811 outsize=209 ok=1
Cmd: preprocess
  insize=811 outsize=209 ok=1
Cmd: preprocess
  insize=3950 outsize=485 ok=1
Cmd: preprocess
  insize=6133 outsize=479 ok=1
Cmd: preprocess
  insize=6398 outsize=472 ok=1
Cmd: preprocess
  insize=30533 outsize=1442 ok=1
Cmd: preprocess
  insize=6581 outsize=475 ok=1
Cmd: preprocess
  insize=7489 outsize=471 ok=1
Cmd: preprocess
  insize=3288 outsize=469 ok=1
Cmd: preprocess
  insize=3608 outsize=474 ok=1
Cmd: preprocess
  insize=3817 outsize=472 ok=1
Cmd: preprocess
  insize=4073 outsize=473 ok=1
Cmd: preprocess
  insize=6426 outsize=472 ok=1
Cmd: preprocess
  insize=6609 outsize=475 ok=1
Cmd: preprocess
  insize=7517 outsize=471 ok=1
Cmd: preprocess
  insize=30617 outsize=1442 ok=1
Cmd: preprocess
  insize=29876 outsize=1444 ok=1
Cmd: compileSnippet
  api=4 type=0 insize=10440 outsize=1230 kw=USE_SHAPE_LIGHT_TYPE_0 USE_SHAPE_LIGHT_TYPE_1 USE_SHAPE_LIGHT_TYPE_2 USE_SHAPE_LIGHT_TYPE_3 pd=UNITY_ENABLE_REFLECTION_BUFFERS UNITY_USE_DITHER_MASK_FOR_ALPHABLENDED_SHADOWS UNITY_PBS_USE_BRDF1 UNITY_SPECCUBE_BOX_PROJECTION UNITY_SPECCUBE_BLENDING UNITY_ENABLE_DETAIL_NORMALMAP SHADER_API_DESKTOP UNITY_COLORSPACE_GAMMA UNITY_LIGHT_PROBE_PROXY_VOLUME UNITY_LIGHTMAP_FULL_HDR ok=1
Cmd: compileSnippet
  api=4 type=1 insize=10440 outsize=4446 kw=USE_SHAPE_LIGHT_TYPE_0 USE_SHAPE_LIGHT_TYPE_1 USE_SHAPE_LIGHT_TYPE_2 USE_SHAPE_LIGHT_TYPE_3 pd=UNITY_ENABLE_REFLECTION_BUFFERS UNITY_USE_DITHER_MASK_FOR_ALPHABLENDED_SHADOWS UNITY_PBS_USE_BRDF1 UNITY_SPECCUBE_BOX_PROJECTION UNITY_SPECCUBE_BLENDING UNITY_ENABLE_DETAIL_NORMALMAP SHADER_API_DESKTOP UNITY_COLORSPACE_GAMMA UNITY_LIGHT_PROBE_PROXY_VOLUME UNITY_LIGHTMAP_FULL_HDR ok=1
Cmd: compileSnippet
  api=4 type=0 insize=9593 outsize=1418 kw= pd=UNITY_ENABLE_REFLECTION_BUFFERS UNITY_USE_DITHER_MASK_FOR_ALPHABLENDED_SHADOWS UNITY_PBS_USE_BRDF1 UNITY_SPECCUBE_BOX_PROJECTION UNITY_SPECCUBE_BLENDING UNITY_ENABLE_DETAIL_NORMALMAP SHADER_API_DESKTOP UNITY_COLORSPACE_GAMMA UNITY_LIGHT_PROBE_PROXY_VOLUME UNITY_LIGHTMAP_FULL_HDR ok=1
Cmd: compileSnippet
  api=4 type=1 insize=9593 outsize=666 kw= pd=UNITY_ENABLE_REFLECTION_BUFFERS UNITY_USE_DITHER_MASK_FOR_ALPHABLENDED_SHADOWS UNITY_PBS_USE_BRDF1 UNITY_SPECCUBE_BOX_PROJECTION UNITY_SPECCUBE_BLENDING UNITY_ENABLE_DETAIL_NORMALMAP SHADER_API_DESKTOP UNITY_COLORSPACE_GAMMA UNITY_LIGHT_PROBE_PROXY_VOLUME UNITY_LIGHTMAP_FULL_HDR ok=1
Cmd: compileSnippet
  api=4 type=0 insize=9407 outsize=1046 kw= pd=UNITY_ENABLE_REFLECTION_BUFFERS UNITY_USE_DITHER_MASK_FOR_ALPHABLENDED_SHADOWS UNITY_PBS_USE_BRDF1 UNITY_SPECCUBE_BOX_PROJECTION UNITY_SPECCUBE_BLENDING UNITY_ENABLE_DETAIL_NORMALMAP SHADER_API_DESKTOP UNITY_COLORSPACE_GAMMA UNITY_LIGHT_PROBE_PROXY_VOLUME UNITY_LIGHTMAP_FULL_HDR ok=1
Cmd: compileSnippet
  api=4 type=1 insize=9407 outsize=2914 kw= pd=UNITY_ENABLE_REFLECTION_BUFFERS UNITY_USE_DITHER_MASK_FOR_ALPHABLENDED_SHADOWS UNITY_PBS_USE_BRDF1 UNITY_SPECCUBE_BOX_PROJECTION UNITY_SPECCUBE_BLENDING UNITY_ENABLE_DETAIL_NORMALMAP SHADER_API_DESKTOP UNITY_COLORSPACE_GAMMA UNITY_LIGHT_PROBE_PROXY_VOLUME UNITY_LIGHTMAP_FULL_HDR ok=1
Cmd: compileSnippet
  api=4 type=0 insize=10440 outsize=1230 kw= pd=UNITY_ENABLE_REFLECTION_BUFFERS UNITY_USE_DITHER_MASK_FOR_ALPHABLENDED_SHADOWS UNITY_PBS_USE_BRDF1 UNITY_SPECCUBE_BOX_PROJECTION UNITY_SPECCUBE_BLENDING UNITY_ENABLE_DETAIL_NORMALMAP SHADER_API_DESKTOP UNITY_COLORSPACE_GAMMA UNITY_LIGHT_PROBE_PROXY_VOLUME UNITY_LIGHTMAP_FULL_HDR ok=1
Cmd: compileSnippet
  api=4 type=1 insize=10440 outsize=2938 kw= pd=UNITY_ENABLE_REFLECTION_BUFFERS UNITY_USE_DITHER_MASK_FOR_ALPHABLENDED_SHADOWS UNITY_PBS_USE_BRDF1 UNITY_SPECCUBE_BOX_PROJECTION UNITY_SPECCUBE_BLENDING UNITY_ENABLE_DETAIL_NORMALMAP SHADER_API_DESKTOP UNITY_COLORSPACE_GAMMA UNITY_LIGHT_PROBE_PROXY_VOLUME UNITY_LIGHTMAP_FULL_HDR ok=1
Cmd: preprocess
  insize=811 outsize=209 ok=1
Cmd: preprocess
  insize=811 outsize=209 ok=1
Cmd: preprocess
  insize=811 outsize=209 ok=1
Cmd: preprocess
  insize=811 outsize=209 ok=1
Cmd: preprocess
  insize=811 outsize=209 ok=1
Cmd: preprocess
  insize=3285 outsize=468 ok=1
Cmd: preprocess
  insize=3606 outsize=475 ok=1
Cmd: preprocess
  insize=3815 outsize=472 ok=1
Cmd: preprocess
  insize=4071 outsize=473 ok=1
Cmd: preprocess
  insize=811 outsize=209 ok=1
Cmd: preprocess
  insize=811 outsize=209 ok=1
Cmd: preprocess
  insize=811 outsize=209 ok=1
Cmd: preprocess
  insize=811 outsize=209 ok=1
Cmd: preprocess
  insize=811 outsize=209 ok=1
Cmd: preprocess
  insize=811 outsize=209 ok=1
Cmd: preprocess
  insize=811 outsize=209 ok=1
Cmd: preprocess
  insize=811 outsize=209 ok=1
Cmd: preprocess
  insize=811 outsize=209 ok=1
Cmd: preprocess
  insize=811 outsize=209 ok=1
Cmd: preprocess
  insize=811 outsize=209 ok=1
Cmd: preprocess
  insize=811 outsize=209 ok=1
Cmd: preprocess
  insize=811 outsize=209 ok=1
Cmd: preprocess
  insize=811 outsize=209 ok=1
Cmd: preprocess
  insize=3950 outsize=485 ok=1
Cmd: preprocess
  insize=6133 outsize=479 ok=1
Cmd: preprocess
  insize=6426 outsize=472 ok=1
Cmd: preprocess
  insize=30617 outsize=1442 ok=1
Cmd: preprocess
  insize=6609 outsize=475 ok=1
Cmd: preprocess
  insize=7517 outsize=471 ok=1
Cmd: preprocess
  insize=3288 outsize=469 ok=1
Cmd: preprocess
  insize=3608 outsize=474 ok=1
Cmd: preprocess
  insize=3817 outsize=472 ok=1
Cmd: preprocess
  insize=4073 outsize=473 ok=1
Cmd: preprocess
  insize=811 outsize=209 ok=1
Cmd: preprocess
  insize=811 outsize=209 ok=1
Cmd: preprocess
  insize=811 outsize=209 ok=1
Cmd: preprocess
  insize=811 outsize=209 ok=1
Cmd: preprocess
  insize=811 outsize=209 ok=1
Cmd: preprocess
  insize=811 outsize=209 ok=1
Cmd: preprocess
  insize=811 outsize=209 ok=1
Cmd: preprocess
  insize=811 outsize=209 ok=1
Cmd: preprocess
  insize=811 outsize=209 ok=1
Cmd: preprocess
  insize=6045 outsize=475 ok=1
Cmd: preprocess
  insize=3949 outsize=484 ok=1
Cmd: preprocess
  insize=4524 outsize=478 ok=1
Cmd: preprocess
  insize=4815 outsize=470 ok=1
Cmd: preprocess
  insize=25564 outsize=1441 ok=1
Cmd: preprocess
  insize=5108 outsize=475 ok=1
Cmd: preprocess
  insize=811 outsize=209 ok=1
Cmd: preprocess
  insize=811 outsize=209 ok=1
Cmd: preprocess
  insize=811 outsize=209 ok=1
Cmd: preprocess
  insize=811 outsize=209 ok=1
Cmd: preprocess
  insize=811 outsize=209 ok=1
Cmd: preprocess
  insize=3287 outsize=468 ok=1
Cmd: preprocess
  insize=3607 outsize=474 ok=1
Cmd: preprocess
  insize=3816 outsize=471 ok=1
Cmd: preprocess
  insize=4072 outsize=472 ok=1
Cmd: preprocess
  insize=4787 outsize=470 ok=1
Cmd: preprocess
  insize=5080 outsize=475 ok=1
Cmd: preprocess
  insize=6017 outsize=475 ok=1
Cmd: preprocess
  insize=25480 outsize=1442 ok=1
Cmd: compileSnippet
  api=4 type=0 insize=9407 outsize=1046 kw=ETC1_EXTERNAL_ALPHA pd=UNITY_ENABLE_REFLECTION_BUFFERS UNITY_USE_DITHER_MASK_FOR_ALPHABLENDED_SHADOWS UNITY_PBS_USE_BRDF1 UNITY_SPECCUBE_BOX_PROJECTION UNITY_SPECCUBE_BLENDING UNITY_ENABLE_DETAIL_NORMALMAP SHADER_API_DESKTOP UNITY_COLORSPACE_GAMMA UNITY_LIGHT_PROBE_PROXY_VOLUME UNITY_LIGHTMAP_FULL_HDR ok=1
Cmd: compileSnippet
  api=4 type=1 insize=9407 outsize=3066 kw=ETC1_EXTERNAL_ALPHA pd=UNITY_ENABLE_REFLECTION_BUFFERS UNITY_USE_DITHER_MASK_FOR_ALPHABLENDED_SHADOWS UNITY_PBS_USE_BRDF1 UNITY_SPECCUBE_BOX_PROJECTION UNITY_SPECCUBE_BLENDING UNITY_ENABLE_DETAIL_NORMALMAP SHADER_API_DESKTOP UNITY_COLORSPACE_GAMMA UNITY_LIGHT_PROBE_PROXY_VOLUME UNITY_LIGHTMAP_FULL_HDR ok=1
Cmd: preprocess
  insize=4815 outsize=470 ok=1
Cmd: preprocess
  insize=5108 outsize=475 ok=1
Cmd: preprocess
  insize=6045 outsize=475 ok=1
Cmd: preprocess
  insize=25564 outsize=1441 ok=1
Cmd: preprocess
  insize=3607 outsize=474 ok=1
Cmd: preprocess
  insize=4072 outsize=472 ok=1
Cmd: preprocess
  insize=3816 outsize=471 ok=1
Cmd: preprocess
  insize=4815 outsize=470 ok=1
Cmd: preprocess
  insize=5108 outsize=475 ok=1
Cmd: preprocess
  insize=6045 outsize=475 ok=1
Cmd: preprocess
  insize=25564 outsize=1441 ok=1
Cmd: preprocess
  insize=3949 outsize=484 ok=1
Cmd: preprocess
  insize=3607 outsize=474 ok=1
Cmd: preprocess
  insize=4072 outsize=472 ok=1
Cmd: preprocess
  insize=3816 outsize=471 ok=1
Cmd: preprocess
  insize=4815 outsize=470 ok=1
Cmd: preprocess
  insize=5108 outsize=474 ok=1
Cmd: preprocess
  insize=6045 outsize=475 ok=1
Cmd: preprocess
  insize=25564 outsize=1442 ok=1
Cmd: preprocess
  insize=3949 outsize=484 ok=1
Cmd: preprocess
  insize=4787 outsize=470 ok=1
Cmd: preprocess
  insize=5080 outsize=475 ok=1
Cmd: preprocess
  insize=6017 outsize=475 ok=1
Cmd: preprocess
  insize=25480 outsize=1442 ok=1
Cmd: preprocess
  insize=5322 outsize=480 ok=1
Cmd: preprocess
  insize=5585 outsize=471 ok=1
Cmd: preprocess
  insize=5772 outsize=475 ok=1
Cmd: preprocess
  insize=6709 outsize=475 ok=1
Cmd: preprocess
  insize=27916 outsize=1441 ok=1
Cmd: preprocess
  insize=811 outsize=209 ok=1
Cmd: preprocess
  insize=811 outsize=209 ok=1
Cmd: preprocess
  insize=811 outsize=209 ok=1
Cmd: preprocess
  insize=811 outsize=209 ok=1
Cmd: preprocess
  insize=811 outsize=209 ok=1
Cmd: preprocess
  insize=811 outsize=209 ok=1
Cmd: preprocess
  insize=811 outsize=209 ok=1
Cmd: preprocess
  insize=811 outsize=209 ok=1
Cmd: preprocess
  insize=811 outsize=209 ok=1
Cmd: preprocess
  insize=811 outsize=209 ok=1
Cmd: preprocess
  insize=811 outsize=209 ok=1
Cmd: preprocess
  insize=811 outsize=209 ok=1
Cmd: preprocess
  insize=811 outsize=209 ok=1
Cmd: preprocess
  insize=811 outsize=209 ok=1
Cmd: preprocess
  insize=6709 outsize=475 ok=1
Cmd: preprocess
  insize=3949 outsize=484 ok=1
Cmd: preprocess
  insize=5322 outsize=480 ok=1
Cmd: preprocess
  insize=5585 outsize=471 ok=1
Cmd: preprocess
  insize=27916 outsize=1441 ok=1
Cmd: preprocess
  insize=5772 outsize=475 ok=1
Cmd: preprocess
  insize=3287 outsize=468 ok=1
Cmd: preprocess
  insize=3607 outsize=474 ok=1
Cmd: preprocess
  insize=3816 outsize=471 ok=1
Cmd: preprocess
  insize=4072 outsize=472 ok=1
Cmd: preprocess
  insize=5613 outsize=471 ok=1
Cmd: preprocess
  insize=5800 outsize=474 ok=1
Cmd: preprocess
  insize=6737 outsize=475 ok=1
Cmd: preprocess
  insize=28000 outsize=1442 ok=1
Cmd: preprocess
  insize=5585 outsize=471 ok=1
Cmd: preprocess
  insize=5772 outsize=475 ok=1
Cmd: preprocess
  insize=6709 outsize=475 ok=1
Cmd: preprocess
  insize=27916 outsize=1441 ok=1
Cmd: preprocess
  insize=5613 outsize=471 ok=1
Cmd: preprocess
  insize=5800 outsize=474 ok=1
Cmd: preprocess
  insize=6737 outsize=475 ok=1
Cmd: preprocess
  insize=28000 outsize=1442 ok=1
Cmd: preprocess
  insize=811 outsize=209 ok=1
Cmd: preprocess
  insize=811 outsize=209 ok=1
Cmd: preprocess
  insize=811 outsize=209 ok=1
Cmd: preprocess
  insize=811 outsize=209 ok=1
Cmd: preprocess
  insize=811 outsize=209 ok=1
Cmd: preprocess
  insize=811 outsize=209 ok=1
Cmd: preprocess
  insize=811 outsize=209 ok=1
Cmd: preprocess
  insize=811 outsize=209 ok=1
Cmd: preprocess
  insize=811 outsize=209 ok=1
Cmd: preprocess
  insize=811 outsize=209 ok=1
Cmd: preprocess
  insize=811 outsize=209 ok=1
Cmd: preprocess
  insize=811 outsize=209 ok=1
Cmd: preprocess
  insize=811 outsize=209 ok=1
Cmd: preprocess
  insize=811 outsize=209 ok=1
Cmd: preprocess
  insize=4072 outsize=472 ok=1
Cmd: preprocess
  insize=3816 outsize=471 ok=1
Cmd: preprocess
  insize=3607 outsize=474 ok=1
Cmd: preprocess
  insize=3287 outsize=468 ok=1
Cmd: preprocess
  insize=5772 outsize=475 ok=1
Cmd: preprocess
  insize=27916 outsize=1441 ok=1
Cmd: preprocess
  insize=5585 outsize=471 ok=1
Cmd: preprocess
  insize=5322 outsize=480 ok=1
Cmd: preprocess
  insize=3949 outsize=484 ok=1
Cmd: preprocess
  insize=6709 outsize=475 ok=1
Cmd: preprocess
  insize=811 outsize=209 ok=1
Cmd: preprocess
  insize=811 outsize=209 ok=1
Cmd: preprocess
  insize=811 outsize=209 ok=1
Cmd: preprocess
  insize=811 outsize=209 ok=1
Cmd: preprocess
  insize=811 outsize=209 ok=1
Cmd: preprocess
  insize=811 outsize=209 ok=1
Cmd: preprocess
  insize=811 outsize=209 ok=1
Cmd: preprocess
  insize=811 outsize=209 ok=1
Cmd: preprocess
  insize=811 outsize=209 ok=1
Cmd: preprocess
  insize=811 outsize=209 ok=1
Cmd: preprocess
  insize=811 outsize=209 ok=1
Cmd: preprocess
  insize=811 outsize=209 ok=1
Cmd: preprocess
  insize=811 outsize=209 ok=1
Cmd: preprocess
  insize=811 outsize=209 ok=1
Cmd: preprocess
  insize=4072 outsize=472 ok=1
Cmd: preprocess
  insize=3816 outsize=471 ok=1
Cmd: preprocess
  insize=3607 outsize=474 ok=1
Cmd: preprocess
  insize=3287 outsize=468 ok=1
Cmd: preprocess
  insize=5772 outsize=475 ok=1
Cmd: preprocess
  insize=27916 outsize=1441 ok=1
Cmd: preprocess
  insize=5585 outsize=471 ok=1
Cmd: preprocess
  insize=5322 outsize=480 ok=1
Cmd: preprocess
  insize=3949 outsize=484 ok=1
Cmd: preprocess
  insize=6709 outsize=475 ok=1
Cmd: preprocess
  insize=811 outsize=209 ok=1
Cmd: preprocess
  insize=811 outsize=209 ok=1
Cmd: preprocess
  insize=811 outsize=209 ok=1
Cmd: preprocess
  insize=811 outsize=209 ok=1
Cmd: preprocess
  insize=811 outsize=209 ok=1
Cmd: preprocess
  insize=811 outsize=209 ok=1
Cmd: preprocess
  insize=811 outsize=209 ok=1
Cmd: preprocess
  insize=811 outsize=209 ok=1
Cmd: preprocess
  insize=811 outsize=209 ok=1
Cmd: preprocess
  insize=811 outsize=209 ok=1
Cmd: preprocess
  insize=811 outsize=209 ok=1
Cmd: preprocess
  insize=811 outsize=209 ok=1
Cmd: preprocess
  insize=811 outsize=209 ok=1
Cmd: preprocess
  insize=811 outsize=209 ok=1
Cmd: preprocess
  insize=4072 outsize=472 ok=1
Cmd: preprocess
  insize=3816 outsize=471 ok=1
Cmd: preprocess
  insize=3607 outsize=474 ok=1
Cmd: preprocess
  insize=3287 outsize=468 ok=1
Cmd: preprocess
  insize=5800 outsize=474 ok=1
Cmd: preprocess
  insize=28000 outsize=1442 ok=1
Cmd: preprocess
  insize=5613 outsize=471 ok=1
Cmd: preprocess
  insize=5322 outsize=480 ok=1
Cmd: preprocess
  insize=3949 outsize=484 ok=1
Cmd: preprocess
  insize=6737 outsize=475 ok=1
Cmd: preprocess
  insize=27235 outsize=1442 ok=1
Cmd: compileSnippet
  api=4 type=0 insize=9560 outsize=1230 kw=USE_SHAPE_LIGHT_TYPE_0 USE_SHAPE_LIGHT_TYPE_1 USE_SHAPE_LIGHT_TYPE_2 USE_SHAPE_LIGHT_TYPE_3 pd=UNITY_ENABLE_REFLECTION_BUFFERS UNITY_USE_DITHER_MASK_FOR_ALPHABLENDED_SHADOWS UNITY_PBS_USE_BRDF1 UNITY_SPECCUBE_BOX_PROJECTION UNITY_SPECCUBE_BLENDING UNITY_ENABLE_DETAIL_NORMALMAP SHADER_API_DESKTOP UNITY_COLORSPACE_GAMMA UNITY_LIGHT_PROBE_PROXY_VOLUME UNITY_LIGHTMAP_FULL_HDR ok=1
Cmd: compileSnippet
  api=4 type=1 insize=9560 outsize=6854 kw=USE_SHAPE_LIGHT_TYPE_0 USE_SHAPE_LIGHT_TYPE_1 USE_SHAPE_LIGHT_TYPE_2 USE_SHAPE_LIGHT_TYPE_3 pd=UNITY_ENABLE_REFLECTION_BUFFERS UNITY_USE_DITHER_MASK_FOR_ALPHABLENDED_SHADOWS UNITY_PBS_USE_BRDF1 UNITY_SPECCUBE_BOX_PROJECTION UNITY_SPECCUBE_BLENDING UNITY_ENABLE_DETAIL_NORMALMAP SHADER_API_DESKTOP UNITY_COLORSPACE_GAMMA UNITY_LIGHT_PROBE_PROXY_VOLUME UNITY_LIGHTMAP_FULL_HDR ok=1
Cmd: compileSnippet
  api=4 type=0 insize=8713 outsize=1418 kw= pd=UNITY_ENABLE_REFLECTION_BUFFERS UNITY_USE_DITHER_MASK_FOR_ALPHABLENDED_SHADOWS UNITY_PBS_USE_BRDF1 UNITY_SPECCUBE_BOX_PROJECTION UNITY_SPECCUBE_BLENDING UNITY_ENABLE_DETAIL_NORMALMAP SHADER_API_DESKTOP UNITY_COLORSPACE_GAMMA UNITY_LIGHT_PROBE_PROXY_VOLUME UNITY_LIGHTMAP_FULL_HDR ok=1
Cmd: compileSnippet
  api=4 type=1 insize=8713 outsize=666 kw= pd=UNITY_ENABLE_REFLECTION_BUFFERS UNITY_USE_DITHER_MASK_FOR_ALPHABLENDED_SHADOWS UNITY_PBS_USE_BRDF1 UNITY_SPECCUBE_BOX_PROJECTION UNITY_SPECCUBE_BLENDING UNITY_ENABLE_DETAIL_NORMALMAP SHADER_API_DESKTOP UNITY_COLORSPACE_GAMMA UNITY_LIGHT_PROBE_PROXY_VOLUME UNITY_LIGHTMAP_FULL_HDR ok=1
Cmd: compileSnippet
  api=4 type=0 insize=8527 outsize=1046 kw= pd=UNITY_ENABLE_REFLECTION_BUFFERS UNITY_USE_DITHER_MASK_FOR_ALPHABLENDED_SHADOWS UNITY_PBS_USE_BRDF1 UNITY_SPECCUBE_BOX_PROJECTION UNITY_SPECCUBE_BLENDING UNITY_ENABLE_DETAIL_NORMALMAP SHADER_API_DESKTOP UNITY_COLORSPACE_GAMMA UNITY_LIGHT_PROBE_PROXY_VOLUME UNITY_LIGHTMAP_FULL_HDR ok=1
Cmd: compileSnippet
  api=4 type=1 insize=8527 outsize=5322 kw= pd=UNITY_ENABLE_REFLECTION_BUFFERS UNITY_USE_DITHER_MASK_FOR_ALPHABLENDED_SHADOWS UNITY_PBS_USE_BRDF1 UNITY_SPECCUBE_BOX_PROJECTION UNITY_SPECCUBE_BLENDING UNITY_ENABLE_DETAIL_NORMALMAP SHADER_API_DESKTOP UNITY_COLORSPACE_GAMMA UNITY_LIGHT_PROBE_PROXY_VOLUME UNITY_LIGHTMAP_FULL_HDR ok=1
Cmd: compileSnippet
  api=4 type=0 insize=9560 outsize=1230 kw= pd=UNITY_ENABLE_REFLECTION_BUFFERS UNITY_USE_DITHER_MASK_FOR_ALPHABLENDED_SHADOWS UNITY_PBS_USE_BRDF1 UNITY_SPECCUBE_BOX_PROJECTION UNITY_SPECCUBE_BLENDING UNITY_ENABLE_DETAIL_NORMALMAP SHADER_API_DESKTOP UNITY_COLORSPACE_GAMMA UNITY_LIGHT_PROBE_PROXY_VOLUME UNITY_LIGHTMAP_FULL_HDR ok=1
Cmd: compileSnippet
  api=4 type=1 insize=9560 outsize=5346 kw= pd=UNITY_ENABLE_REFLECTION_BUFFERS UNITY_USE_DITHER_MASK_FOR_ALPHABLENDED_SHADOWS UNITY_PBS_USE_BRDF1 UNITY_SPECCUBE_BOX_PROJECTION UNITY_SPECCUBE_BLENDING UNITY_ENABLE_DETAIL_NORMALMAP SHADER_API_DESKTOP UNITY_COLORSPACE_GAMMA UNITY_LIGHT_PROBE_PROXY_VOLUME UNITY_LIGHTMAP_FULL_HDR ok=1
Cmd: compileSnippet
  api=4 type=0 insize=8527 outsize=1046 kw=ETC1_EXTERNAL_ALPHA pd=UNITY_ENABLE_REFLECTION_BUFFERS UNITY_USE_DITHER_MASK_FOR_ALPHABLENDED_SHADOWS UNITY_PBS_USE_BRDF1 UNITY_SPECCUBE_BOX_PROJECTION UNITY_SPECCUBE_BLENDING UNITY_ENABLE_DETAIL_NORMALMAP SHADER_API_DESKTOP UNITY_COLORSPACE_GAMMA UNITY_LIGHT_PROBE_PROXY_VOLUME UNITY_LIGHTMAP_FULL_HDR ok=1
Cmd: compileSnippet
  api=4 type=1 insize=8527 outsize=5474 kw=ETC1_EXTERNAL_ALPHA pd=UNITY_ENABLE_REFLECTION_BUFFERS UNITY_USE_DITHER_MASK_FOR_ALPHABLENDED_SHADOWS UNITY_PBS_USE_BRDF1 UNITY_SPECCUBE_BOX_PROJECTION UNITY_SPECCUBE_BLENDING UNITY_ENABLE_DETAIL_NORMALMAP SHADER_API_DESKTOP UNITY_COLORSPACE_GAMMA UNITY_LIGHT_PROBE_PROXY_VOLUME UNITY_LIGHTMAP_FULL_HDR ok=1
Cmd: preprocess
  insize=811 outsize=209 ok=1
Cmd: preprocess
  insize=811 outsize=209 ok=1
Cmd: preprocess
  insize=811 outsize=209 ok=1
Cmd: preprocess
  insize=811 outsize=209 ok=1
Cmd: preprocess
  insize=811 outsize=209 ok=1
Cmd: preprocess
  insize=811 outsize=209 ok=1
Cmd: preprocess
  insize=811 outsize=209 ok=1
Cmd: preprocess
  insize=811 outsize=209 ok=1
Cmd: preprocess
  insize=811 outsize=209 ok=1
Cmd: preprocess
  insize=811 outsize=209 ok=1
Cmd: preprocess
  insize=811 outsize=209 ok=1
Cmd: preprocess
  insize=811 outsize=209 ok=1
Cmd: preprocess
  insize=811 outsize=209 ok=1
Cmd: preprocess
  insize=811 outsize=209 ok=1
Cmd: preprocess
  insize=6737 outsize=475 ok=1
Cmd: preprocess
  insize=3949 outsize=484 ok=1
Cmd: preprocess
  insize=5322 outsize=480 ok=1
Cmd: preprocess
  insize=5613 outsize=471 ok=1
Cmd: preprocess
  insize=28000 outsize=1442 ok=1
Cmd: preprocess
  insize=5800 outsize=474 ok=1
Cmd: preprocess
  insize=3287 outsize=468 ok=1
Cmd: preprocess
  insize=3607 outsize=474 ok=1
Cmd: preprocess
  insize=3816 outsize=471 ok=1
Cmd: preprocess
  insize=4072 outsize=472 ok=1
Cmd: preprocess
  insize=811 outsize=209 ok=1
Cmd: preprocess
  insize=811 outsize=209 ok=1
Cmd: preprocess
  insize=811 outsize=209 ok=1
Cmd: preprocess
  insize=811 outsize=209 ok=1
Cmd: preprocess
  insize=811 outsize=209 ok=1
Cmd: preprocess
  insize=811 outsize=209 ok=1
Cmd: preprocess
  insize=811 outsize=209 ok=1
Cmd: preprocess
  insize=811 outsize=209 ok=1
Cmd: preprocess
  insize=811 outsize=209 ok=1
Cmd: preprocess
  insize=811 outsize=209 ok=1
Cmd: preprocess
  insize=811 outsize=209 ok=1
Cmd: preprocess
  insize=811 outsize=209 ok=1
Cmd: preprocess
  insize=811 outsize=209 ok=1
Cmd: preprocess
  insize=811 outsize=209 ok=1
Cmd: preprocess
  insize=6737 outsize=475 ok=1
Cmd: preprocess
  insize=3949 outsize=484 ok=1
Cmd: preprocess
  insize=5322 outsize=480 ok=1
Cmd: preprocess
  insize=5613 outsize=471 ok=1
Cmd: preprocess
  insize=28000 outsize=1442 ok=1
Cmd: preprocess
  insize=5800 outsize=474 ok=1
Cmd: preprocess
  insize=3287 outsize=468 ok=1
Cmd: preprocess
  insize=3607 outsize=474 ok=1
Cmd: preprocess
  insize=3816 outsize=471 ok=1
Cmd: preprocess
  insize=4072 outsize=472 ok=1
Cmd: preprocess
  insize=811 outsize=209 ok=1
Cmd: preprocess
  insize=811 outsize=209 ok=1
Cmd: preprocess
  insize=811 outsize=209 ok=1
Cmd: preprocess
  insize=811 outsize=209 ok=1
Cmd: preprocess
  insize=811 outsize=209 ok=1
Cmd: preprocess
  insize=811 outsize=209 ok=1
Cmd: preprocess
  insize=811 outsize=209 ok=1
Cmd: preprocess
  insize=811 outsize=209 ok=1
Cmd: preprocess
  insize=811 outsize=209 ok=1
Cmd: preprocess
  insize=811 outsize=209 ok=1
Cmd: preprocess
  insize=811 outsize=209 ok=1
Cmd: preprocess
  insize=811 outsize=209 ok=1
Cmd: preprocess
  insize=811 outsize=209 ok=1
Cmd: preprocess
  insize=811 outsize=209 ok=1
Cmd: preprocess
  insize=6737 outsize=475 ok=1
Cmd: preprocess
  insize=3949 outsize=484 ok=1
Cmd: preprocess
  insize=5322 outsize=480 ok=1
Cmd: preprocess
  insize=5613 outsize=471 ok=1
Cmd: preprocess
  insize=28000 outsize=1442 ok=1
Cmd: preprocess
  insize=5800 outsize=474 ok=1
Cmd: preprocess
  insize=3287 outsize=468 ok=1
Cmd: preprocess
  insize=3607 outsize=474 ok=1
Cmd: preprocess
  insize=3816 outsize=471 ok=1
Cmd: preprocess
  insize=4072 outsize=472 ok=1
Cmd: preprocess
  insize=5585 outsize=471 ok=1
Cmd: preprocess
  insize=5772 outsize=475 ok=1
Cmd: preprocess
  insize=6709 outsize=475 ok=1
Cmd: preprocess
  insize=27916 outsize=1441 ok=1
Cmd: preprocess
  insize=29899 outsize=1467 ok=1
Cmd: preprocess
  insize=29884 outsize=1452 ok=1
Cmd: preprocess
  insize=811 outsize=209 ok=1
Cmd: preprocess
  insize=811 outsize=209 ok=1
Cmd: preprocess
  insize=811 outsize=209 ok=1
Cmd: preprocess
  insize=811 outsize=209 ok=1
Cmd: preprocess
  insize=811 outsize=209 ok=1
Cmd: preprocess
  insize=811 outsize=209 ok=1
Cmd: preprocess
  insize=811 outsize=209 ok=1
Cmd: preprocess
  insize=811 outsize=209 ok=1
Cmd: preprocess
  insize=811 outsize=209 ok=1
Cmd: preprocess
  insize=811 outsize=209 ok=1
Cmd: preprocess
  insize=811 outsize=209 ok=1
Cmd: preprocess
  insize=811 outsize=209 ok=1
Cmd: preprocess
  insize=811 outsize=209 ok=1
Cmd: preprocess
  insize=811 outsize=209 ok=1
Cmd: preprocess
  insize=3950 outsize=485 ok=1
Cmd: preprocess
  insize=6133 outsize=479 ok=1
Cmd: preprocess
  insize=6426 outsize=472 ok=1
Cmd: preprocess
  insize=30617 outsize=1442 ok=1
Cmd: preprocess
  insize=6609 outsize=475 ok=1
Cmd: preprocess
  insize=7517 outsize=471 ok=1
Cmd: preprocess
  insize=3288 outsize=469 ok=1
Cmd: preprocess
  insize=3608 outsize=474 ok=1
Cmd: preprocess
  insize=3817 outsize=472 ok=1
Cmd: preprocess
  insize=4073 outsize=473 ok=1
Cmd: preprocess
  insize=6398 outsize=472 ok=1
Cmd: preprocess
  insize=6581 outsize=475 ok=1
Cmd: preprocess
  insize=7489 outsize=471 ok=1
Cmd: preprocess
  insize=30533 outsize=1442 ok=1
Cmd: preprocess
  insize=811 outsize=209 ok=1
Cmd: preprocess
  insize=811 outsize=209 ok=1
Cmd: preprocess
  insize=811 outsize=209 ok=1
Cmd: preprocess
  insize=811 outsize=209 ok=1
Cmd: preprocess
  insize=811 outsize=209 ok=1
Cmd: preprocess
  insize=811 outsize=209 ok=1
Cmd: preprocess
  insize=811 outsize=209 ok=1
Cmd: preprocess
  insize=811 outsize=209 ok=1
Cmd: preprocess
  insize=811 outsize=209 ok=1
Cmd: preprocess
  insize=811 outsize=209 ok=1
Cmd: preprocess
  insize=811 outsize=209 ok=1
Cmd: preprocess
  insize=811 outsize=209 ok=1
Cmd: preprocess
  insize=811 outsize=209 ok=1
Cmd: preprocess
  insize=811 outsize=209 ok=1
Cmd: preprocess
  insize=6737 outsize=475 ok=1
Cmd: preprocess
  insize=3949 outsize=484 ok=1
Cmd: preprocess
  insize=5322 outsize=480 ok=1
Cmd: preprocess
  insize=5613 outsize=471 ok=1
Cmd: preprocess
  insize=28000 outsize=1442 ok=1
Cmd: preprocess
  insize=5800 outsize=474 ok=1
Cmd: preprocess
  insize=3287 outsize=468 ok=1
Cmd: preprocess
  insize=3607 outsize=474 ok=1
Cmd: preprocess
  insize=3816 outsize=471 ok=1
Cmd: preprocess
  insize=4072 outsize=472 ok=1
Cmd: preprocess
  insize=27241 outsize=1448 ok=1
Cmd: preprocess
  insize=27237 outsize=1444 ok=1
Cmd: preprocess
  insize=811 outsize=209 ok=1
Cmd: preprocess
  insize=811 outsize=209 ok=1
Cmd: preprocess
  insize=811 outsize=209 ok=1
Cmd: preprocess
  insize=811 outsize=209 ok=1
Cmd: preprocess
  insize=811 outsize=209 ok=1
Cmd: preprocess
  insize=811 outsize=209 ok=1
Cmd: preprocess
  insize=811 outsize=209 ok=1
Cmd: preprocess
  insize=811 outsize=209 ok=1
Cmd: preprocess
  insize=811 outsize=209 ok=1
Cmd: preprocess
  insize=811 outsize=209 ok=1
Cmd: preprocess
  insize=811 outsize=209 ok=1
Cmd: preprocess
  insize=811 outsize=209 ok=1
Cmd: preprocess
  insize=811 outsize=209 ok=1
Cmd: preprocess
  insize=811 outsize=209 ok=1
Cmd: preprocess
  insize=6737 outsize=475 ok=1
Cmd: preprocess
  insize=3949 outsize=484 ok=1
Cmd: preprocess
  insize=5322 outsize=480 ok=1
Cmd: preprocess
  insize=5613 outsize=471 ok=1
Cmd: preprocess
  insize=28000 outsize=1442 ok=1
Cmd: preprocess
  insize=5800 outsize=474 ok=1
Cmd: preprocess
  insize=3287 outsize=468 ok=1
Cmd: preprocess
  insize=3607 outsize=474 ok=1
Cmd: preprocess
  insize=3816 outsize=471 ok=1
Cmd: preprocess
  insize=4072 outsize=472 ok=1
Cmd: preprocess
  insize=5585 outsize=471 ok=1
Cmd: preprocess
  insize=5772 outsize=475 ok=1
Cmd: preprocess
  insize=6709 outsize=475 ok=1
Cmd: preprocess
  insize=27916 outsize=1441 ok=1
Cmd: preprocess
  insize=5613 outsize=471 ok=1
Cmd: preprocess
  insize=5800 outsize=474 ok=1
Cmd: preprocess
  insize=6737 outsize=475 ok=1
Cmd: preprocess
  insize=28000 outsize=1442 ok=1
Cmd: preprocess
  insize=27183 outsize=1444 ok=1
Cmd: compileSnippet
  api=4 type=0 insize=9542 outsize=1230 kw=USE_SHAPE_LIGHT_TYPE_0 USE_SHAPE_LIGHT_TYPE_1 USE_SHAPE_LIGHT_TYPE_2 USE_SHAPE_LIGHT_TYPE_3 pd=UNITY_ENABLE_REFLECTION_BUFFERS UNITY_USE_DITHER_MASK_FOR_ALPHABLENDED_SHADOWS UNITY_PBS_USE_BRDF1 UNITY_SPECCUBE_BOX_PROJECTION UNITY_SPECCUBE_BLENDING UNITY_ENABLE_DETAIL_NORMALMAP SHADER_API_DESKTOP UNITY_COLORSPACE_GAMMA UNITY_LIGHT_PROBE_PROXY_VOLUME UNITY_LIGHTMAP_FULL_HDR ok=1
Cmd: compileSnippet
  api=4 type=1 insize=9542 outsize=6854 kw=USE_SHAPE_LIGHT_TYPE_0 USE_SHAPE_LIGHT_TYPE_1 USE_SHAPE_LIGHT_TYPE_2 USE_SHAPE_LIGHT_TYPE_3 pd=UNITY_ENABLE_REFLECTION_BUFFERS UNITY_USE_DITHER_MASK_FOR_ALPHABLENDED_SHADOWS UNITY_PBS_USE_BRDF1 UNITY_SPECCUBE_BOX_PROJECTION UNITY_SPECCUBE_BLENDING UNITY_ENABLE_DETAIL_NORMALMAP SHADER_API_DESKTOP UNITY_COLORSPACE_GAMMA UNITY_LIGHT_PROBE_PROXY_VOLUME UNITY_LIGHTMAP_FULL_HDR ok=1
Cmd: compileSnippet
  api=4 type=0 insize=8695 outsize=1418 kw= pd=UNITY_ENABLE_REFLECTION_BUFFERS UNITY_USE_DITHER_MASK_FOR_ALPHABLENDED_SHADOWS UNITY_PBS_USE_BRDF1 UNITY_SPECCUBE_BOX_PROJECTION UNITY_SPECCUBE_BLENDING UNITY_ENABLE_DETAIL_NORMALMAP SHADER_API_DESKTOP UNITY_COLORSPACE_GAMMA UNITY_LIGHT_PROBE_PROXY_VOLUME UNITY_LIGHTMAP_FULL_HDR ok=1
Cmd: compileSnippet
  api=4 type=1 insize=8695 outsize=666 kw= pd=UNITY_ENABLE_REFLECTION_BUFFERS UNITY_USE_DITHER_MASK_FOR_ALPHABLENDED_SHADOWS UNITY_PBS_USE_BRDF1 UNITY_SPECCUBE_BOX_PROJECTION UNITY_SPECCUBE_BLENDING UNITY_ENABLE_DETAIL_NORMALMAP SHADER_API_DESKTOP UNITY_COLORSPACE_GAMMA UNITY_LIGHT_PROBE_PROXY_VOLUME UNITY_LIGHTMAP_FULL_HDR ok=1
Cmd: compileSnippet
  api=4 type=0 insize=8509 outsize=1046 kw= pd=UNITY_ENABLE_REFLECTION_BUFFERS UNITY_USE_DITHER_MASK_FOR_ALPHABLENDED_SHADOWS UNITY_PBS_USE_BRDF1 UNITY_SPECCUBE_BOX_PROJECTION UNITY_SPECCUBE_BLENDING UNITY_ENABLE_DETAIL_NORMALMAP SHADER_API_DESKTOP UNITY_COLORSPACE_GAMMA UNITY_LIGHT_PROBE_PROXY_VOLUME UNITY_LIGHTMAP_FULL_HDR ok=1
Cmd: compileSnippet
  api=4 type=1 insize=8509 outsize=5322 kw= pd=UNITY_ENABLE_REFLECTION_BUFFERS UNITY_USE_DITHER_MASK_FOR_ALPHABLENDED_SHADOWS UNITY_PBS_USE_BRDF1 UNITY_SPECCUBE_BOX_PROJECTION UNITY_SPECCUBE_BLENDING UNITY_ENABLE_DETAIL_NORMALMAP SHADER_API_DESKTOP UNITY_COLORSPACE_GAMMA UNITY_LIGHT_PROBE_PROXY_VOLUME UNITY_LIGHTMAP_FULL_HDR ok=1
Cmd: compileSnippet
  api=4 type=0 insize=9542 outsize=1230 kw= pd=UNITY_ENABLE_REFLECTION_BUFFERS UNITY_USE_DITHER_MASK_FOR_ALPHABLENDED_SHADOWS UNITY_PBS_USE_BRDF1 UNITY_SPECCUBE_BOX_PROJECTION UNITY_SPECCUBE_BLENDING UNITY_ENABLE_DETAIL_NORMALMAP SHADER_API_DESKTOP UNITY_COLORSPACE_GAMMA UNITY_LIGHT_PROBE_PROXY_VOLUME UNITY_LIGHTMAP_FULL_HDR ok=1
Cmd: compileSnippet
  api=4 type=1 insize=9542 outsize=5346 kw= pd=UNITY_ENABLE_REFLECTION_BUFFERS UNITY_USE_DITHER_MASK_FOR_ALPHABLENDED_SHADOWS UNITY_PBS_USE_BRDF1 UNITY_SPECCUBE_BOX_PROJECTION UNITY_SPECCUBE_BLENDING UNITY_ENABLE_DETAIL_NORMALMAP SHADER_API_DESKTOP UNITY_COLORSPACE_GAMMA UNITY_LIGHT_PROBE_PROXY_VOLUME UNITY_LIGHTMAP_FULL_HDR ok=1
